Thu Oct 03 22:07:33 UTC 2024 - Executing "python3 /openLANE_flow/scripts/extract_metal_layers.py -t /home/vsduser/Desktop/work/tools/openlane_working_dir/pdks/sky130A/libs.ref/sky130_fd_sc_hd/techlef/sky130_fd_sc_hd.tlef -o /openLANE_flow/designs/picorv32a/runs/03-10_21-51/tmp/met_layers_list.txt"

Thu Oct 03 22:07:33 UTC 2024 - Executing "/openLANE_flow/scripts/mergeLef.py -i /home/vsduser/Desktop/work/tools/openlane_working_dir/pdks/sky130A/libs.ref/sky130_fd_sc_hd/techlef/sky130_fd_sc_hd.tlef {/home/vsduser/Desktop/work/tools/openlane_working_dir/pdks/sky130A/libs.ref/sky130_fd_sc_hd/lef/sky130_fd_sc_hd.lef /home/vsduser/Desktop/work/tools/openlane_working_dir/pdks/sky130A/libs.ref/sky130_fd_sc_hd/lef/sky130_ef_sc_hd__fill_12.lef /home/vsduser/Desktop/work/tools/openlane_working_dir/pdks/sky130A/libs.ref/sky130_fd_sc_hd/lef/sky130_ef_sc_hd__decap_12.lef /home/vsduser/Desktop/work/tools/openlane_working_dir/pdks/sky130A/libs.ref/sky130_fd_sc_hd/lef/sky130_ef_sc_hd__fakediode_2.lef} -o /openLANE_flow/designs/picorv32a/runs/03-10_21-51/tmp/merged_unpadded.lef |& tee >&@stdout"

Thu Oct 03 22:07:33 UTC 2024 - Executing "/openLANE_flow/scripts/mergeLef.py -i /openLANE_flow/designs/picorv32a/runs/03-10_21-51/tmp/merged_unpadded.lef /openLANE_flow/designs/picorv32a/src/sky130_vsdinv.lef -o /openLANE_flow/designs/picorv32a/runs/03-10_21-51/tmp/merged_unpadded.lef |& tee >&@stdout"

Thu Oct 03 22:07:33 UTC 2024 - Executing "/openLANE_flow/scripts/libtrim.pl /openLANE_flow/designs/picorv32a/src/sky130_fd_sc_hd__typical.lib /openLANE_flow/designs/picorv32a/runs/03-10_21-51/tmp/trimmed.lib.exclude.list > /openLANE_flow/designs/picorv32a/runs/03-10_21-51/tmp/trimmed.lib"

Thu Oct 03 22:07:33 UTC 2024 - Executing "echo {openlane v0.21} > /openLANE_flow/designs/picorv32a/runs/03-10_21-51/OPENLANE_VERSION"

Thu Oct 03 22:09:11 UTC 2024 - Executing "/openLANE_flow/scripts/mergeLef.py -i /openLANE_flow/designs/picorv32a/runs/03-10_21-51/tmp/merged.lef /openLANE_flow/designs/picorv32a/src/sky130_vsdinv.lef -o /openLANE_flow/designs/picorv32a/runs/03-10_21-51/tmp/merged.lef.new"

Thu Oct 03 22:09:11 UTC 2024 - Executing "/openLANE_flow/scripts/mergeLef.py -i /openLANE_flow/designs/picorv32a/runs/03-10_21-51/tmp/merged_unpadded.lef /openLANE_flow/designs/picorv32a/src/sky130_vsdinv.lef -o /openLANE_flow/designs/picorv32a/runs/03-10_21-51/tmp/merged_unpadded.lef.new"

Thu Oct 03 22:09:12 UTC 2024 - Executing "mv /openLANE_flow/designs/picorv32a/runs/03-10_21-51/tmp/merged.lef.new /openLANE_flow/designs/picorv32a/runs/03-10_21-51/tmp/merged.lef"

Thu Oct 03 22:09:12 UTC 2024 - Executing "mv /openLANE_flow/designs/picorv32a/runs/03-10_21-51/tmp/merged_unpadded.lef.new /openLANE_flow/designs/picorv32a/runs/03-10_21-51/tmp/merged_unpadded.lef"

Thu Oct 03 22:16:16 UTC 2024 - Executing "sed -E {s/^([[:space:]]+)pg_pin(.*)/\1pin\2\n\1    direction : "inout";/g} /openLANE_flow/designs/picorv32a/src/sky130_fd_sc_hd__typical.lib > /openLANE_flow/designs/picorv32a/runs/03-10_21-51/tmp/sky130_fd_sc_hd__typical.no_pg.lib"

Thu Oct 03 22:16:16 UTC 2024 - Executing "yosys -c /openLANE_flow/scripts/synth.tcl -l /openLANE_flow/designs/picorv32a/runs/03-10_21-51/logs/synthesis/1-yosys.log |& tee >&@stdout"

Thu Oct 03 22:17:10 UTC 2024 - Executing "sed -i -e {s/\(set ::env(CURRENT_NETLIST)\).*/\1 \/openLANE_flow\/designs\/picorv32a\/runs\/03-10_21-51\/results\/synthesis\/picorv32a.synthesis.v/} /openLANE_flow/designs/picorv32a/runs/03-10_21-51/config.tcl"

Thu Oct 03 22:17:10 UTC 2024 - Executing "sed -i -e {s/\(set ::env(PREV_NETLIST)\).*/\1 0/} /openLANE_flow/designs/picorv32a/runs/03-10_21-51/config.tcl"

Thu Oct 03 22:17:10 UTC 2024 - Executing "sed -i /defparam/d /openLANE_flow/designs/picorv32a/runs/03-10_21-51/results/synthesis/picorv32a.synthesis.v"

Thu Oct 03 22:17:10 UTC 2024 - Executing "sta /openLANE_flow/scripts/sta.tcl |& tee >&@stdout /openLANE_flow/designs/picorv32a/runs/03-10_21-51/logs/synthesis/2-opensta"

Thu Oct 03 22:36:32 UTC 2024 - Executing "openroad -exit /openLANE_flow/scripts/openroad/or_floorplan.tcl |& tee >&@stdout /openLANE_flow/designs/picorv32a/runs/03-10_21-51/logs/floorplan/3-verilog2def.openroad.log"

Thu Oct 03 22:36:34 UTC 2024 - Executing "openroad -exit /openLANE_flow/scripts/openroad/or_ioplacer.tcl |& tee >&@stdout /openLANE_flow/designs/picorv32a/runs/03-10_21-51/logs/floorplan/4-ioPlacer.log"

Thu Oct 03 22:36:36 UTC 2024 - Executing "openroad -exit /openLANE_flow/scripts/openroad/or_replace.tcl |& tee >&@stdout /openLANE_flow/designs/picorv32a/runs/03-10_21-51/logs/placement/5-replace.log"

Thu Oct 03 22:36:48 UTC 2024 - Executing "openroad -exit /openLANE_flow/scripts/openroad/or_basic_mp.tcl |& tee >&@stdout /openLANE_flow/designs/picorv32a/runs/03-10_21-51/logs/placement/6-basic_mp.log"

Thu Oct 03 22:36:51 UTC 2024 - Executing "python3 /openLANE_flow/report_generation_wrapper.py -d /openLANE_flow/designs/picorv32a -dn picorv32a -t 03-10_21-51 -o /openLANE_flow/designs/picorv32a/runs/03-10_21-51/reports/final_summary_report.csv -m /openLANE_flow/designs/picorv32a/runs/03-10_21-51/reports/manufacturability_report.rpt -rs /openLANE_flow/designs/picorv32a/runs/03-10_21-51/reports/runtime_summary_report.rpt -r /openLANE_flow/designs/picorv32a/runs/03-10_21-51"

Thu Oct 03 22:41:40 UTC 2024 - Executing "sed -i -e {s/\(set ::env(CURRENT_NETLIST)\).*/\1 \/openLANE_flow\/designs\/picorv32a\/runs\/03-10_21-51\/results\/synthesis\/picorv32a.synthesis.v/} /openLANE_flow/designs/picorv32a/runs/03-10_21-51/config.tcl"

Thu Oct 03 22:41:40 UTC 2024 - Executing "sed -i -e {s/\(set ::env(PREV_NETLIST)\).*/\1 \/openLANE_flow\/designs\/picorv32a\/runs\/03-10_21-51\/results\/synthesis\/picorv32a.synthesis.v/} /openLANE_flow/designs/picorv32a/runs/03-10_21-51/config.tcl"

Thu Oct 03 22:41:40 UTC 2024 - Executing "sta /openLANE_flow/scripts/sta.tcl |& tee >&@stdout /openLANE_flow/designs/picorv32a/runs/03-10_21-51/logs/synthesis/7-opensta"

Thu Oct 03 22:41:59 UTC 2024 - Executing "openroad -exit /openLANE_flow/scripts/openroad/or_floorplan.tcl |& tee >&@stdout /openLANE_flow/designs/picorv32a/runs/03-10_21-51/logs/floorplan/8-verilog2def.openroad.log"

Thu Oct 03 22:42:41 UTC 2024 - Executing "openroad -exit /openLANE_flow/scripts/openroad/or_ioplacer.tcl |& tee >&@stdout /openLANE_flow/designs/picorv32a/runs/03-10_21-51/logs/floorplan/9-ioPlacer.log"

Thu Oct 03 22:43:32 UTC 2024 - Executing "openroad -exit /openLANE_flow/scripts/openroad/or_tapcell.tcl |& tee >&@stdout /openLANE_flow/designs/picorv32a/runs/03-10_21-51/logs/floorplan/10-tapcell.log"

Thu Oct 03 22:45:53 UTC 2024 - Executing "openroad -exit /openLANE_flow/scripts/openroad/or_replace.tcl |& tee >&@stdout /openLANE_flow/designs/picorv32a/runs/03-10_21-51/logs/placement/11-replace.log"

Thu Oct 03 22:46:07 UTC 2024 - Executing "openroad -exit /openLANE_flow/scripts/openroad/or_resizer.tcl |& tee >&@stdout /openLANE_flow/designs/picorv32a/runs/03-10_21-51/logs/placement/11-resizer.log"

Thu Oct 03 22:46:19 UTC 2024 - Executing "openroad -exit /openLANE_flow/scripts/openroad/or_write_verilog.tcl |& tee >&@stdout /openLANE_flow/designs/picorv32a/runs/03-10_21-51/logs/12-write_verilog.log"

Thu Oct 03 22:46:20 UTC 2024 - Executing "sed -i -e {s/\(set ::env(CURRENT_NETLIST)\).*/\1 \/openLANE_flow\/designs\/picorv32a\/runs\/03-10_21-51\/results\/synthesis\/picorv32a.synthesis_optimized.v/} /openLANE_flow/designs/picorv32a/runs/03-10_21-51/config.tcl"

Thu Oct 03 22:46:20 UTC 2024 - Executing "sed -i -e {s/\(set ::env(PREV_NETLIST)\).*/\1 \/openLANE_flow\/designs\/picorv32a\/runs\/03-10_21-51\/results\/synthesis\/picorv32a.synthesis.v/} /openLANE_flow/designs/picorv32a/runs/03-10_21-51/config.tcl"

Thu Oct 03 22:46:20 UTC 2024 - Executing "sta /openLANE_flow/scripts/sta.tcl |& tee >&@stdout /openLANE_flow/designs/picorv32a/runs/03-10_21-51/logs/synthesis/13-opensta_post_resizer"

Thu Oct 03 22:46:21 UTC 2024 - Executing "openroad -exit /openLANE_flow/scripts/openroad/or_opendp.tcl |& tee >&@stdout /openLANE_flow/designs/picorv32a/runs/03-10_21-51/logs/placement/14-opendp.log"

Thu Oct 03 22:46:24 UTC 2024 - Executing "bash /openLANE_flow/scripts/klayout/scrotLayout.sh /home/vsduser/Desktop/work/tools/openlane_working_dir/pdks/sky130A/libs.tech/klayout/sky130A.lyt /openLANE_flow/designs/picorv32a/runs/03-10_21-51/results/placement/picorv32a.placement.def |& tee >&@stdout /openLANE_flow/designs/picorv32a/runs/03-10_21-51/logs/klayout/15-klayout.scrot.log"

