
reading lef ...

units:       1000
#layers:     13
#macros:     442
#vias:       25
#viarulegen: 25

reading def ...
defIn read 10000 components
defIn read 20000 components
defIn read 30000 components
defIn read 40000 components
defIn read 50000 components
defIn read 60000 components
defIn read 10000 nets

design:      picorv32a
die area:    ( 0 0 ) ( 731615 742335 )
trackPts:    12
defvias:     0
#components: 65655
#terminals:  409
#snets:      0
#nets:       18086

reading guide ...
guideIn read 100000 guides

#guides:     139010
Warning: met2 does not have viaDef align with layer direction, generating new viaDef via2_FR...
Warning: met4 does not have viaDef align with layer direction, generating new viaDef via4_FR...
done initConstraintLayerIdx
List of default vias:
  Layer mcon
    default via: L1M1_PR_MR
  Layer via
    default via: M1M2_PR
  Layer via2
    default via: via2_FR
  Layer via3
    default via: M3M4_PR_M
  Layer via4
    default via: via4_FR
Writing reference output def...

libcell analysis ...

instance analysis ...
  complete 10000 instances
  complete 20000 instances
  complete 30000 instances
  complete 40000 instances
  complete 50000 instances
  complete 60000 instances
#unique instances = 397

init region query ...
  complete 10000 insts
  complete 20000 insts
  complete 30000 insts
  complete 40000 insts
  complete 50000 insts
  complete 60000 insts
  complete FR_MASTERSLICE
  complete FR_VIA
  complete li1
  complete mcon
  complete met1
  complete via
  complete met2
  complete via2
  complete met3
  complete via3
  complete met4
  complete via4
  complete met5

FR_MASTERSLICE shape region query size = 0
FR_VIA shape region query size = 0
li1 shape region query size = 830503
mcon shape region query size = 840712
met1 shape region query size = 172189
via shape region query size = 0
met2 shape region query size = 409
via2 shape region query size = 0
met3 shape region query size = 0
via3 shape region query size = 0
met4 shape region query size = 0
via4 shape region query size = 0
met5 shape region query size = 0


start pin access
  complete 100 pins
  complete 200 pins
  complete 300 pins
  complete 400 pins
  complete 500 pins
  complete 600 pins
  complete 700 pins
  complete 800 pins
  complete 900 pins
  complete 1000 pins
  complete 1549 pins
  complete 100 unique inst patterns
  complete 200 unique inst patterns
  complete 300 unique inst patterns
  complete 391 unique inst patterns
  complete 1000 groups
  complete 2000 groups
  complete 3000 groups
  complete 4000 groups
  complete 5000 groups
  complete 6000 groups
  complete 7000 groups
  complete 8000 groups
  complete 9000 groups
  complete 10000 groups
  complete 17657 groups
Expt1 runtime (pin-level access point gen): 3.01271
Expt2 runtime (design-level access pattern gen): 0.944141
#scanned instances     = 65655
#unique  instances     = 397
#stdCellGenAp          = 9708
#stdCellValidPlanarAp  = 129
#stdCellValidViaAp     = 7084
#stdCellPinNoAp        = 0
#stdCellPinCnt         = 60468
#instTermValidViaApCnt = 0
#macroGenAp            = 0
#macroValidPlanarAp    = 0
#macroValidViaAp       = 0
#macroNoAp             = 0

complete pin access
cpu time = 00:00:15, elapsed time = 00:00:04, memory = 152.49 (MB), peak = 170.08 (MB)

post process guides ...
GCELLGRID X 0 DO 107 STEP 6900 ;
GCELLGRID Y 0 DO 106 STEP 6900 ;
  complete 10000 orig guides
  complete 20000 orig guides
  complete 30000 orig guides
  complete 40000 orig guides
  complete 50000 orig guides
  complete 60000 orig guides
  complete 70000 orig guides
  complete 80000 orig guides
  complete 90000 orig guides
  complete 100000 orig guides
  complete FR_MASTERSLICE
  complete FR_VIA
  complete li1
  complete mcon
  complete met1
  complete via
  complete met2
  complete via2
  complete met3
  complete via3
  complete met4
  complete via4
  complete met5
  complete 10000 nets

building cmap ... 

init guide query ...
  complete 10000 nets (guide)
  complete FR_MASTERSLICE (guide)
  complete FR_VIA (guide)
  complete li1 (guide)
  complete mcon (guide)
  complete met1 (guide)
  complete via (guide)
  complete met2 (guide)
  complete via2 (guide)
  complete met3 (guide)
  complete via3 (guide)
  complete met4 (guide)
  complete via4 (guide)
  complete met5 (guide)

FR_MASTERSLICE guide region query size = 0
FR_VIA guide region query size = 0
li1 guide region query size = 50581
mcon guide region query size = 0
met1 guide region query size = 44998
via guide region query size = 0
met2 guide region query size = 24649
via2 guide region query size = 0
met3 guide region query size = 456
via3 guide region query size = 0
met4 guide region query size = 107
via4 guide region query size = 0
met5 guide region query size = 0

init gr pin query ...


start track assignment
Done with 75337 vertical wires in 3 frboxes and 45454 horizontal wires in 3 frboxes.
Done with 11202 vertical wires in 3 frboxes and 19333 horizontal wires in 3 frboxes.

complete track assignment
cpu time = 00:00:16, elapsed time = 00:00:08, memory = 302.66 (MB), peak = 424.07 (MB)

post processing ...

start routing data preparation
initVia2ViaMinLen_minSpc li1 (d2d, d2u, u2d, u2u) = (0, 0, 0, 370)
initVia2ViaMinLen_minSpc met1 (d2d, d2u, u2d, u2u) = (430, 445, 445, 460)
initVia2ViaMinLen_minSpc met2 (d2d, d2u, u2d, u2u) = (460, 485, 485, 630)
initVia2ViaMinLen_minSpc met3 (d2d, d2u, u2d, u2u) = (630, 655, 655, 680)
initVia2ViaMinLen_minSpc met4 (d2d, d2u, u2d, u2u) = (630, 1055, 1055, 3020)
initVia2ViaMinLen_minSpc met5 (d2d, d2u, u2d, u2u) = (1480, 0, 0, 0)
initVia2ViaMinLen_minimumcut li1 (d2d, d2u, u2d, u2u) = (0, 0, 0, 370)
initVia2ViaMinLen_minimumcut li1 zerolen (b, b, b, b) = (1, 1, 1, 1)
initVia2ViaMinLen_minimumcut met1 (d2d, d2u, u2d, u2u) = (430, 445, 445, 460)
initVia2ViaMinLen_minimumcut met1 zerolen (b, b, b, b) = (1, 1, 1, 1)
initVia2ViaMinLen_minimumcut met2 (d2d, d2u, u2d, u2u) = (460, 485, 485, 630)
initVia2ViaMinLen_minimumcut met2 zerolen (b, b, b, b) = (1, 1, 1, 1)
initVia2ViaMinLen_minimumcut met3 (d2d, d2u, u2d, u2u) = (630, 655, 655, 680)
initVia2ViaMinLen_minimumcut met3 zerolen (b, b, b, b) = (1, 1, 1, 1)
initVia2ViaMinLen_minimumcut met4 (d2d, d2u, u2d, u2u) = (630, 1055, 1055, 3020)
initVia2ViaMinLen_minimumcut met4 zerolen (b, b, b, b) = (1, 1, 1, 1)
initVia2ViaMinLen_minimumcut met5 (d2d, d2u, u2d, u2u) = (1480, 0, 0, 0)
initVia2ViaMinLen_minimumcut met5 zerolen (b, b, b, b) = (1, 1, 1, 1)
initVia2ViaMinLenNew_minSpc li1 (d2d-x, d2d-y, d2u-x, d2u-y, u2d-x, u2d-y, u2u-x, u2u-y) = (0, 0, 0, 0, 0, 0, 430, 370)
initVia2ViaMinLenNew_minSpc met1 (d2d-x, d2d-y, d2u-x, d2u-y, u2d-x, u2d-y, u2u-x, u2u-y) = (430, 370, 445, 385, 445, 385, 460, 460)
initVia2ViaMinLenNew_minSpc met2 (d2d-x, d2d-y, d2u-x, d2u-y, u2d-x, u2d-y, u2u-x, u2u-y) = (460, 460, 410, 485, 410, 485, 630, 630)
initVia2ViaMinLenNew_minSpc met3 (d2d-x, d2d-y, d2u-x, d2u-y, u2d-x, u2d-y, u2u-x, u2u-y) = (630, 630, 655, 625, 655, 625, 680, 630)
initVia2ViaMinLenNew_minSpc met4 (d2d-x, d2d-y, d2u-x, d2u-y, u2d-x, u2d-y, u2u-x, u2u-y) = (680, 630, 1055, 1055, 1055, 1055, 3020, 3020)
initVia2ViaMinLenNew_minSpc met5 (d2d-x, d2d-y, d2u-x, d2u-y, u2d-x, u2d-y, u2u-x, u2u-y) = (1480, 1480, 0, 0, 0, 0, 0, 0)
initVia2ViaMinLenNew_minimumcut li1 (d2d-x, d2d-y, d2u-x, d2u-y, u2d-x, u2d-y, u2u-x, u2u-y) = (0, 0, 0, 0, 0, 0, 430, 370)
initVia2ViaMinLenNew_minimumcut met1 (d2d-x, d2d-y, d2u-x, d2u-y, u2d-x, u2d-y, u2u-x, u2u-y) = (430, 370, 445, 385, 445, 385, 460, 460)
initVia2ViaMinLenNew_minimumcut met2 (d2d-x, d2d-y, d2u-x, d2u-y, u2d-x, u2d-y, u2u-x, u2u-y) = (460, 460, 410, 485, 410, 485, 630, 630)
initVia2ViaMinLenNew_minimumcut met3 (d2d-x, d2d-y, d2u-x, d2u-y, u2d-x, u2d-y, u2u-x, u2u-y) = (630, 630, 655, 625, 655, 625, 680, 630)
initVia2ViaMinLenNew_minimumcut met4 (d2d-x, d2d-y, d2u-x, d2u-y, u2d-x, u2d-y, u2u-x, u2u-y) = (680, 630, 1055, 1055, 1055, 1055, 3020, 3020)
initVia2ViaMinLenNew_minimumcut met5 (d2d-x, d2d-y, d2u-x, d2u-y, u2d-x, u2d-y, u2u-x, u2u-y) = (1480, 1480, 0, 0, 0, 0, 0, 0)
initVia2ViaMinLenNew_cutSpc li1 (d2d-x, d2d-y, d2u-x, d2u-y, u2d-x, u2d-y, u2u-x, u2u-y) = (0, 0, 0, 0, 0, 0, 430, 370)
initVia2ViaMinLenNew_cutSpc met1 (d2d-x, d2d-y, d2u-x, d2u-y, u2d-x, u2d-y, u2u-x, u2u-y) = (430, 370, 445, 385, 445, 385, 460, 460)
initVia2ViaMinLenNew_cutSpc met2 (d2d-x, d2d-y, d2u-x, d2u-y, u2d-x, u2d-y, u2u-x, u2u-y) = (460, 460, 410, 485, 410, 485, 630, 630)
initVia2ViaMinLenNew_cutSpc met3 (d2d-x, d2d-y, d2u-x, d2u-y, u2d-x, u2d-y, u2u-x, u2u-y) = (630, 630, 655, 625, 655, 625, 680, 630)
initVia2ViaMinLenNew_cutSpc met4 (d2d-x, d2d-y, d2u-x, d2u-y, u2d-x, u2d-y, u2u-x, u2u-y) = (680, 630, 1055, 1055, 1055, 1055, 3020, 3020)
initVia2ViaMinLenNew_cutSpc met5 (d2d-x, d2d-y, d2u-x, d2u-y, u2d-x, u2d-y, u2u-x, u2u-y) = (1600, 1600, 0, 0, 0, 0, 0, 0)
cpu time = 00:00:00, elapsed time = 00:00:00, memory = 302.66 (MB), peak = 424.07 (MB)

start detail routing ...
start 0th optimization iteration ...
    completing 10% with 0 violations
    elapsed time = 00:00:12, memory = 394.71 (MB)
    completing 20% with 0 violations
    elapsed time = 00:00:28, memory = 420.09 (MB)
    completing 30% with 4441 violations
    elapsed time = 00:00:35, memory = 401.78 (MB)
    completing 40% with 4441 violations
    elapsed time = 00:00:59, memory = 411.32 (MB)
    completing 50% with 4441 violations
    elapsed time = 00:01:09, memory = 412.34 (MB)
    completing 60% with 9176 violations
    elapsed time = 00:01:29, memory = 418.20 (MB)
    completing 70% with 9176 violations
    elapsed time = 00:01:48, memory = 433.92 (MB)
    completing 80% with 13478 violations
    elapsed time = 00:01:57, memory = 410.08 (MB)
    completing 90% with 13478 violations
    elapsed time = 00:02:26, memory = 438.45 (MB)
    completing 100% with 17962 violations
    elapsed time = 00:02:39, memory = 338.41 (MB)
  number of violations = 21384
cpu time = 00:10:11, elapsed time = 00:02:40, memory = 736.46 (MB), peak = 736.69 (MB)
total wire length = 1121075 um
total wire length on LAYER li1 = 536 um
total wire length on LAYER met1 = 553113 um
total wire length on LAYER met2 = 481569 um
total wire length on LAYER met3 = 70951 um
total wire length on LAYER met4 = 14904 um
total wire length on LAYER met5 = 0 um
total number of vias = 145836
up-via summary (total 145836):

-------------------------
 FR_MASTERSLICE         0
            li1     60641
           met1     80895
           met2      4029
           met3       271
           met4         0
-------------------------
                   145836


start 1st optimization iteration ...
    completing 10% with 21384 violations
    elapsed time = 00:00:15, memory = 826.40 (MB)
    completing 20% with 21384 violations
    elapsed time = 00:00:36, memory = 831.30 (MB)
    completing 30% with 18077 violations
    elapsed time = 00:00:42, memory = 783.30 (MB)
    completing 40% with 18077 violations
    elapsed time = 00:01:10, memory = 831.79 (MB)
    completing 50% with 18077 violations
    elapsed time = 00:01:25, memory = 834.45 (MB)
    completing 60% with 15131 violations
    elapsed time = 00:01:47, memory = 822.16 (MB)
    completing 70% with 15131 violations
    elapsed time = 00:02:07, memory = 837.11 (MB)
    completing 80% with 12383 violations
    elapsed time = 00:02:14, memory = 794.44 (MB)
    completing 90% with 12383 violations
    elapsed time = 00:02:43, memory = 833.00 (MB)
    completing 100% with 9762 violations
    elapsed time = 00:02:55, memory = 692.93 (MB)
  number of violations = 9764
cpu time = 00:11:21, elapsed time = 00:02:56, memory = 692.93 (MB), peak = 837.79 (MB)
total wire length = 1114792 um
total wire length on LAYER li1 = 554 um
total wire length on LAYER met1 = 546367 um
total wire length on LAYER met2 = 478396 um
total wire length on LAYER met3 = 74701 um
total wire length on LAYER met4 = 14773 um
total wire length on LAYER met5 = 0 um
total number of vias = 146377
up-via summary (total 146377):

-------------------------
 FR_MASTERSLICE         0
            li1     60644
           met1     80768
           met2      4689
           met3       276
           met4         0
-------------------------
                   146377


start 2nd optimization iteration ...
    completing 10% with 9764 violations
    elapsed time = 00:00:10, memory = 820.54 (MB)
    completing 20% with 9764 violations
    elapsed time = 00:00:37, memory = 837.66 (MB)
    completing 30% with 9646 violations
    elapsed time = 00:00:45, memory = 783.66 (MB)
    completing 40% with 9646 violations
    elapsed time = 00:01:10, memory = 830.17 (MB)
    completing 50% with 9646 violations
    elapsed time = 00:01:26, memory = 835.32 (MB)
    completing 60% with 9496 violations
    elapsed time = 00:01:44, memory = 827.41 (MB)
    completing 70% with 9496 violations
    elapsed time = 00:02:07, memory = 835.55 (MB)
    completing 80% with 9629 violations
    elapsed time = 00:02:14, memory = 799.55 (MB)
    completing 90% with 9629 violations
    elapsed time = 00:02:41, memory = 824.30 (MB)
    completing 100% with 9193 violations
    elapsed time = 00:02:51, memory = 693.27 (MB)
  number of violations = 9198
cpu time = 00:11:01, elapsed time = 00:02:53, memory = 693.27 (MB), peak = 841.78 (MB)
total wire length = 1112560 um
total wire length on LAYER li1 = 496 um
total wire length on LAYER met1 = 545368 um
total wire length on LAYER met2 = 477279 um
total wire length on LAYER met3 = 74740 um
total wire length on LAYER met4 = 14675 um
total wire length on LAYER met5 = 0 um
total number of vias = 145865
up-via summary (total 145865):

-------------------------
 FR_MASTERSLICE         0
            li1     60514
           met1     80512
           met2      4590
           met3       249
           met4         0
-------------------------
                   145865


start 3rd optimization iteration ...
    completing 10% with 9198 violations
    elapsed time = 00:00:09, memory = 845.12 (MB)
    completing 20% with 9198 violations
    elapsed time = 00:00:20, memory = 856.73 (MB)
    completing 30% with 7168 violations
    elapsed time = 00:00:23, memory = 806.23 (MB)
    completing 40% with 7168 violations
    elapsed time = 00:00:38, memory = 845.68 (MB)
    completing 50% with 7168 violations
    elapsed time = 00:00:45, memory = 851.80 (MB)
    completing 60% with 5107 violations
    elapsed time = 00:00:56, memory = 837.32 (MB)
    completing 70% with 5107 violations
    elapsed time = 00:01:05, memory = 846.14 (MB)
    completing 80% with 3148 violations
    elapsed time = 00:01:11, memory = 807.87 (MB)
    completing 90% with 3148 violations
    elapsed time = 00:01:25, memory = 847.57 (MB)
    completing 100% with 774 violations
    elapsed time = 00:01:31, memory = 692.91 (MB)
  number of violations = 776
cpu time = 00:05:48, elapsed time = 00:01:32, memory = 692.91 (MB), peak = 860.04 (MB)
total wire length = 1108946 um
total wire length on LAYER li1 = 445 um
total wire length on LAYER met1 = 498276 um
total wire length on LAYER met2 = 474962 um
total wire length on LAYER met3 = 118977 um
total wire length on LAYER met4 = 16284 um
total wire length on LAYER met5 = 0 um
total number of vias = 149165
up-via summary (total 149165):

-------------------------
 FR_MASTERSLICE         0
            li1     60444
           met1     79935
           met2      8385
           met3       401
           met4         0
-------------------------
                   149165


start 4th optimization iteration ...
    completing 10% with 776 violations
    elapsed time = 00:00:01, memory = 838.32 (MB)
    completing 20% with 776 violations
    elapsed time = 00:00:03, memory = 849.15 (MB)
    completing 30% with 583 violations
    elapsed time = 00:00:04, memory = 762.88 (MB)
    completing 40% with 583 violations
    elapsed time = 00:00:06, memory = 828.29 (MB)
    completing 50% with 583 violations
    elapsed time = 00:00:07, memory = 828.29 (MB)
    completing 60% with 426 violations
    elapsed time = 00:00:08, memory = 819.67 (MB)
    completing 70% with 426 violations
    elapsed time = 00:00:10, memory = 835.64 (MB)
    completing 80% with 314 violations
    elapsed time = 00:00:12, memory = 780.00 (MB)
    completing 90% with 314 violations
    elapsed time = 00:00:15, memory = 823.75 (MB)
    completing 100% with 36 violations
    elapsed time = 00:00:16, memory = 823.89 (MB)
  number of violations = 36
cpu time = 00:00:59, elapsed time = 00:00:16, memory = 823.89 (MB), peak = 860.04 (MB)
total wire length = 1108842 um
total wire length on LAYER li1 = 441 um
total wire length on LAYER met1 = 496694 um
total wire length on LAYER met2 = 474926 um
total wire length on LAYER met3 = 120416 um
total wire length on LAYER met4 = 16362 um
total wire length on LAYER met5 = 0 um
total number of vias = 149239
up-via summary (total 149239):

-------------------------
 FR_MASTERSLICE         0
            li1     60438
           met1     79896
           met2      8496
           met3       409
           met4         0
-------------------------
                   149239


start 5th optimization iteration ...
    completing 10% with 36 violations
    elapsed time = 00:00:00, memory = 823.89 (MB)
    completing 20% with 36 violations
    elapsed time = 00:00:01, memory = 824.01 (MB)
    completing 30% with 34 violations
    elapsed time = 00:00:02, memory = 825.04 (MB)
    completing 40% with 34 violations
    elapsed time = 00:00:03, memory = 825.04 (MB)
    completing 50% with 34 violations
    elapsed time = 00:00:04, memory = 825.81 (MB)
    completing 60% with 21 violations
    elapsed time = 00:00:05, memory = 825.83 (MB)
    completing 70% with 21 violations
    elapsed time = 00:00:06, memory = 825.91 (MB)
    completing 80% with 9 violations
    elapsed time = 00:00:07, memory = 826.17 (MB)
    completing 90% with 9 violations
    elapsed time = 00:00:07, memory = 826.17 (MB)
    completing 100% with 9 violations
    elapsed time = 00:00:08, memory = 826.17 (MB)
  number of violations = 9
cpu time = 00:00:29, elapsed time = 00:00:08, memory = 826.17 (MB), peak = 860.04 (MB)
total wire length = 1108810 um
total wire length on LAYER li1 = 440 um
total wire length on LAYER met1 = 496644 um
total wire length on LAYER met2 = 474907 um
total wire length on LAYER met3 = 120474 um
total wire length on LAYER met4 = 16343 um
total wire length on LAYER met5 = 0 um
total number of vias = 149234
up-via summary (total 149234):

-------------------------
 FR_MASTERSLICE         0
            li1     60436
           met1     79889
           met2      8502
           met3       407
           met4         0
-------------------------
                   149234


start 6th optimization iteration ...
    completing 10% with 9 violations
    elapsed time = 00:00:00, memory = 826.17 (MB)
    completing 20% with 9 violations
    elapsed time = 00:00:01, memory = 826.17 (MB)
    completing 30% with 9 violations
    elapsed time = 00:00:01, memory = 826.40 (MB)
    completing 40% with 9 violations
    elapsed time = 00:00:02, memory = 826.40 (MB)
    completing 50% with 9 violations
    elapsed time = 00:00:03, memory = 826.40 (MB)
    completing 60% with 9 violations
    elapsed time = 00:00:03, memory = 826.40 (MB)
    completing 70% with 9 violations
    elapsed time = 00:00:04, memory = 826.40 (MB)
    completing 80% with 9 violations
    elapsed time = 00:00:04, memory = 826.40 (MB)
    completing 90% with 9 violations
    elapsed time = 00:00:05, memory = 826.40 (MB)
    completing 100% with 9 violations
    elapsed time = 00:00:06, memory = 826.40 (MB)
  number of violations = 9
cpu time = 00:00:23, elapsed time = 00:00:06, memory = 826.40 (MB), peak = 860.04 (MB)
total wire length = 1108811 um
total wire length on LAYER li1 = 440 um
total wire length on LAYER met1 = 496647 um
total wire length on LAYER met2 = 474905 um
total wire length on LAYER met3 = 120474 um
total wire length on LAYER met4 = 16343 um
total wire length on LAYER met5 = 0 um
total number of vias = 149234
up-via summary (total 149234):

-------------------------
 FR_MASTERSLICE         0
            li1     60436
           met1     79889
           met2      8502
           met3       407
           met4         0
-------------------------
                   149234


start 7th optimization iteration ...
    completing 10% with 9 violations
    elapsed time = 00:00:00, memory = 826.40 (MB)
    completing 20% with 9 violations
    elapsed time = 00:00:01, memory = 826.40 (MB)
    completing 30% with 9 violations
    elapsed time = 00:00:01, memory = 826.40 (MB)
    completing 40% with 9 violations
    elapsed time = 00:00:02, memory = 826.40 (MB)
    completing 50% with 9 violations
    elapsed time = 00:00:02, memory = 826.40 (MB)
    completing 60% with 9 violations
    elapsed time = 00:00:03, memory = 826.40 (MB)
    completing 70% with 9 violations
    elapsed time = 00:00:04, memory = 826.40 (MB)
    completing 80% with 9 violations
    elapsed time = 00:00:04, memory = 826.40 (MB)
    completing 90% with 9 violations
    elapsed time = 00:00:05, memory = 826.40 (MB)
    completing 100% with 9 violations
    elapsed time = 00:00:06, memory = 826.40 (MB)
  number of violations = 9
cpu time = 00:00:24, elapsed time = 00:00:06, memory = 826.40 (MB), peak = 860.04 (MB)
total wire length = 1108811 um
total wire length on LAYER li1 = 440 um
total wire length on LAYER met1 = 496649 um
total wire length on LAYER met2 = 474903 um
total wire length on LAYER met3 = 120474 um
total wire length on LAYER met4 = 16343 um
total wire length on LAYER met5 = 0 um
total number of vias = 149234
up-via summary (total 149234):

-------------------------
 FR_MASTERSLICE         0
            li1     60436
           met1     79889
           met2      8502
           met3       407
           met4         0
-------------------------
                   149234


start 8th optimization iteration ...
    completing 10% with 9 violations
    elapsed time = 00:00:00, memory = 826.40 (MB)
    completing 20% with 9 violations
    elapsed time = 00:00:01, memory = 826.40 (MB)
    completing 30% with 9 violations
    elapsed time = 00:00:01, memory = 826.40 (MB)
    completing 40% with 9 violations
    elapsed time = 00:00:02, memory = 826.40 (MB)
    completing 50% with 9 violations
    elapsed time = 00:00:02, memory = 826.40 (MB)
    completing 60% with 9 violations
    elapsed time = 00:00:03, memory = 826.40 (MB)
    completing 70% with 9 violations
    elapsed time = 00:00:04, memory = 826.40 (MB)
    completing 80% with 9 violations
    elapsed time = 00:00:04, memory = 826.40 (MB)
    completing 90% with 9 violations
    elapsed time = 00:00:05, memory = 826.40 (MB)
    completing 100% with 9 violations
    elapsed time = 00:00:06, memory = 826.40 (MB)
  number of violations = 9
cpu time = 00:00:24, elapsed time = 00:00:06, memory = 826.40 (MB), peak = 860.04 (MB)
total wire length = 1108811 um
total wire length on LAYER li1 = 440 um
total wire length on LAYER met1 = 496649 um
total wire length on LAYER met2 = 474903 um
total wire length on LAYER met3 = 120474 um
total wire length on LAYER met4 = 16343 um
total wire length on LAYER met5 = 0 um
total number of vias = 149234
up-via summary (total 149234):

-------------------------
 FR_MASTERSLICE         0
            li1     60436
           met1     79889
           met2      8502
           met3       407
           met4         0
-------------------------
                   149234


start 9th optimization iteration ...
    completing 10% with 9 violations
    elapsed time = 00:00:00, memory = 826.40 (MB)
    completing 20% with 9 violations
    elapsed time = 00:00:01, memory = 826.40 (MB)
    completing 30% with 9 violations
    elapsed time = 00:00:01, memory = 826.40 (MB)
    completing 40% with 9 violations
    elapsed time = 00:00:02, memory = 826.40 (MB)
    completing 50% with 9 violations
    elapsed time = 00:00:02, memory = 826.40 (MB)
    completing 60% with 9 violations
    elapsed time = 00:00:03, memory = 826.40 (MB)
    completing 70% with 9 violations
    elapsed time = 00:00:04, memory = 826.40 (MB)
    completing 80% with 8 violations
    elapsed time = 00:00:04, memory = 826.40 (MB)
    completing 90% with 8 violations
    elapsed time = 00:00:05, memory = 826.40 (MB)
    completing 100% with 8 violations
    elapsed time = 00:00:06, memory = 826.40 (MB)
  number of violations = 8
cpu time = 00:00:23, elapsed time = 00:00:06, memory = 826.40 (MB), peak = 860.04 (MB)
total wire length = 1108811 um
total wire length on LAYER li1 = 440 um
total wire length on LAYER met1 = 496649 um
total wire length on LAYER met2 = 474903 um
total wire length on LAYER met3 = 120474 um
total wire length on LAYER met4 = 16343 um
total wire length on LAYER met5 = 0 um
total number of vias = 149234
up-via summary (total 149234):

-------------------------
 FR_MASTERSLICE         0
            li1     60436
           met1     79889
           met2      8502
           met3       407
           met4         0
-------------------------
                   149234


start 10th optimization iteration ...
    completing 10% with 8 violations
    elapsed time = 00:00:00, memory = 826.40 (MB)
    completing 20% with 8 violations
    elapsed time = 00:00:01, memory = 826.40 (MB)
    completing 30% with 8 violations
    elapsed time = 00:00:01, memory = 826.40 (MB)
    completing 40% with 8 violations
    elapsed time = 00:00:02, memory = 826.40 (MB)
    completing 50% with 8 violations
    elapsed time = 00:00:03, memory = 826.40 (MB)
    completing 60% with 8 violations
    elapsed time = 00:00:03, memory = 826.40 (MB)
    completing 70% with 8 violations
    elapsed time = 00:00:04, memory = 826.40 (MB)
    completing 80% with 7 violations
    elapsed time = 00:00:05, memory = 826.40 (MB)
    completing 90% with 7 violations
    elapsed time = 00:00:05, memory = 826.40 (MB)
    completing 100% with 3 violations
    elapsed time = 00:00:06, memory = 826.40 (MB)
  number of violations = 3
cpu time = 00:00:24, elapsed time = 00:00:06, memory = 826.40 (MB), peak = 860.04 (MB)
total wire length = 1108810 um
total wire length on LAYER li1 = 440 um
total wire length on LAYER met1 = 496643 um
total wire length on LAYER met2 = 474908 um
total wire length on LAYER met3 = 120474 um
total wire length on LAYER met4 = 16343 um
total wire length on LAYER met5 = 0 um
total number of vias = 149234
up-via summary (total 149234):

-------------------------
 FR_MASTERSLICE         0
            li1     60436
           met1     79889
           met2      8502
           met3       407
           met4         0
-------------------------
                   149234


start 11th optimization iteration ...
    completing 10% with 3 violations
    elapsed time = 00:00:00, memory = 826.40 (MB)
    completing 20% with 3 violations
    elapsed time = 00:00:01, memory = 826.40 (MB)
    completing 30% with 3 violations
    elapsed time = 00:00:01, memory = 826.40 (MB)
    completing 40% with 3 violations
    elapsed time = 00:00:02, memory = 826.40 (MB)
    completing 50% with 3 violations
    elapsed time = 00:00:03, memory = 826.40 (MB)
    completing 60% with 3 violations
    elapsed time = 00:00:03, memory = 826.40 (MB)
    completing 70% with 3 violations
    elapsed time = 00:00:04, memory = 826.40 (MB)
    completing 80% with 3 violations
    elapsed time = 00:00:05, memory = 826.40 (MB)
    completing 90% with 3 violations
    elapsed time = 00:00:05, memory = 826.40 (MB)
    completing 100% with 3 violations
    elapsed time = 00:00:06, memory = 826.40 (MB)
  number of violations = 3
cpu time = 00:00:24, elapsed time = 00:00:06, memory = 826.40 (MB), peak = 860.04 (MB)
total wire length = 1108810 um
total wire length on LAYER li1 = 440 um
total wire length on LAYER met1 = 496643 um
total wire length on LAYER met2 = 474908 um
total wire length on LAYER met3 = 120474 um
total wire length on LAYER met4 = 16343 um
total wire length on LAYER met5 = 0 um
total number of vias = 149234
up-via summary (total 149234):

-------------------------
 FR_MASTERSLICE         0
            li1     60436
           met1     79889
           met2      8502
           met3       407
           met4         0
-------------------------
                   149234


start 12th optimization iteration ...
    completing 10% with 3 violations
    elapsed time = 00:00:00, memory = 826.40 (MB)
    completing 20% with 3 violations
    elapsed time = 00:00:01, memory = 826.40 (MB)
    completing 30% with 3 violations
    elapsed time = 00:00:01, memory = 826.40 (MB)
    completing 40% with 3 violations
    elapsed time = 00:00:02, memory = 826.40 (MB)
    completing 50% with 3 violations
    elapsed time = 00:00:02, memory = 826.40 (MB)
    completing 60% with 3 violations
    elapsed time = 00:00:03, memory = 826.40 (MB)
    completing 70% with 3 violations
    elapsed time = 00:00:04, memory = 826.40 (MB)
    completing 80% with 3 violations
    elapsed time = 00:00:04, memory = 826.40 (MB)
    completing 90% with 3 violations
    elapsed time = 00:00:05, memory = 826.40 (MB)
    completing 100% with 3 violations
    elapsed time = 00:00:05, memory = 826.40 (MB)
  number of violations = 3
cpu time = 00:00:23, elapsed time = 00:00:06, memory = 826.40 (MB), peak = 860.04 (MB)
total wire length = 1108810 um
total wire length on LAYER li1 = 440 um
total wire length on LAYER met1 = 496643 um
total wire length on LAYER met2 = 474908 um
total wire length on LAYER met3 = 120474 um
total wire length on LAYER met4 = 16343 um
total wire length on LAYER met5 = 0 um
total number of vias = 149234
up-via summary (total 149234):

-------------------------
 FR_MASTERSLICE         0
            li1     60436
           met1     79889
           met2      8502
           met3       407
           met4         0
-------------------------
                   149234


start 13th optimization iteration ...
    completing 10% with 3 violations
    elapsed time = 00:00:00, memory = 826.40 (MB)
    completing 20% with 3 violations
    elapsed time = 00:00:01, memory = 826.40 (MB)
    completing 30% with 3 violations
    elapsed time = 00:00:01, memory = 826.40 (MB)
    completing 40% with 3 violations
    elapsed time = 00:00:02, memory = 826.40 (MB)
    completing 50% with 3 violations
    elapsed time = 00:00:02, memory = 826.40 (MB)
    completing 60% with 3 violations
    elapsed time = 00:00:03, memory = 826.40 (MB)
    completing 70% with 3 violations
    elapsed time = 00:00:04, memory = 826.40 (MB)
    completing 80% with 3 violations
    elapsed time = 00:00:04, memory = 826.40 (MB)
    completing 90% with 3 violations
    elapsed time = 00:00:05, memory = 826.40 (MB)
    completing 100% with 3 violations
    elapsed time = 00:00:06, memory = 826.40 (MB)
  number of violations = 3
cpu time = 00:00:23, elapsed time = 00:00:06, memory = 826.40 (MB), peak = 860.04 (MB)
total wire length = 1108810 um
total wire length on LAYER li1 = 440 um
total wire length on LAYER met1 = 496643 um
total wire length on LAYER met2 = 474908 um
total wire length on LAYER met3 = 120474 um
total wire length on LAYER met4 = 16343 um
total wire length on LAYER met5 = 0 um
total number of vias = 149234
up-via summary (total 149234):

-------------------------
 FR_MASTERSLICE         0
            li1     60436
           met1     79889
           met2      8502
           met3       407
           met4         0
-------------------------
                   149234


start 14th optimization iteration ...
    completing 10% with 3 violations
    elapsed time = 00:00:00, memory = 826.40 (MB)
    completing 20% with 3 violations
    elapsed time = 00:00:01, memory = 826.40 (MB)
    completing 30% with 3 violations
    elapsed time = 00:00:01, memory = 826.40 (MB)
    completing 40% with 3 violations
    elapsed time = 00:00:02, memory = 826.40 (MB)
    completing 50% with 3 violations
    elapsed time = 00:00:02, memory = 826.40 (MB)
    completing 60% with 3 violations
    elapsed time = 00:00:03, memory = 826.40 (MB)
    completing 70% with 3 violations
    elapsed time = 00:00:04, memory = 826.40 (MB)
    completing 80% with 3 violations
    elapsed time = 00:00:04, memory = 826.40 (MB)
    completing 90% with 3 violations
    elapsed time = 00:00:05, memory = 826.40 (MB)
    completing 100% with 3 violations
    elapsed time = 00:00:06, memory = 826.40 (MB)
  number of violations = 3
cpu time = 00:00:24, elapsed time = 00:00:06, memory = 826.40 (MB), peak = 860.04 (MB)
total wire length = 1108810 um
total wire length on LAYER li1 = 440 um
total wire length on LAYER met1 = 496645 um
total wire length on LAYER met2 = 474907 um
total wire length on LAYER met3 = 120474 um
total wire length on LAYER met4 = 16343 um
total wire length on LAYER met5 = 0 um
total number of vias = 149234
up-via summary (total 149234):

-------------------------
 FR_MASTERSLICE         0
            li1     60436
           met1     79889
           met2      8502
           met3       407
           met4         0
-------------------------
                   149234


start 15th optimization iteration ...
    completing 10% with 3 violations
    elapsed time = 00:00:00, memory = 826.40 (MB)
    completing 20% with 3 violations
    elapsed time = 00:00:01, memory = 826.40 (MB)
    completing 30% with 3 violations
    elapsed time = 00:00:01, memory = 826.40 (MB)
    completing 40% with 3 violations
    elapsed time = 00:00:02, memory = 826.40 (MB)
    completing 50% with 3 violations
    elapsed time = 00:00:02, memory = 826.40 (MB)
    completing 60% with 3 violations
    elapsed time = 00:00:03, memory = 826.40 (MB)
    completing 70% with 3 violations
    elapsed time = 00:00:04, memory = 826.40 (MB)
    completing 80% with 3 violations
    elapsed time = 00:00:04, memory = 826.40 (MB)
    completing 90% with 3 violations
    elapsed time = 00:00:05, memory = 826.40 (MB)
    completing 100% with 3 violations
    elapsed time = 00:00:06, memory = 826.40 (MB)
  number of violations = 3
cpu time = 00:00:24, elapsed time = 00:00:06, memory = 826.40 (MB), peak = 860.04 (MB)
total wire length = 1108810 um
total wire length on LAYER li1 = 440 um
total wire length on LAYER met1 = 496645 um
total wire length on LAYER met2 = 474907 um
total wire length on LAYER met3 = 120474 um
total wire length on LAYER met4 = 16343 um
total wire length on LAYER met5 = 0 um
total number of vias = 149234
up-via summary (total 149234):

-------------------------
 FR_MASTERSLICE         0
            li1     60436
           met1     79889
           met2      8502
           met3       407
           met4         0
-------------------------
                   149234


start 16th optimization iteration ...
    completing 10% with 3 violations
    elapsed time = 00:00:00, memory = 826.40 (MB)
    completing 20% with 3 violations
    elapsed time = 00:00:01, memory = 826.40 (MB)
    completing 30% with 3 violations
    elapsed time = 00:00:01, memory = 826.40 (MB)
    completing 40% with 3 violations
    elapsed time = 00:00:02, memory = 826.40 (MB)
    completing 50% with 3 violations
    elapsed time = 00:00:03, memory = 826.40 (MB)
    completing 60% with 3 violations
    elapsed time = 00:00:03, memory = 826.40 (MB)
    completing 70% with 3 violations
    elapsed time = 00:00:04, memory = 826.40 (MB)
    completing 80% with 3 violations
    elapsed time = 00:00:04, memory = 826.40 (MB)
    completing 90% with 3 violations
    elapsed time = 00:00:05, memory = 826.40 (MB)
    completing 100% with 3 violations
    elapsed time = 00:00:06, memory = 826.40 (MB)
  number of violations = 3
cpu time = 00:00:23, elapsed time = 00:00:06, memory = 826.40 (MB), peak = 860.04 (MB)
total wire length = 1108810 um
total wire length on LAYER li1 = 440 um
total wire length on LAYER met1 = 496645 um
total wire length on LAYER met2 = 474907 um
total wire length on LAYER met3 = 120474 um
total wire length on LAYER met4 = 16343 um
total wire length on LAYER met5 = 0 um
total number of vias = 149234
up-via summary (total 149234):

-------------------------
 FR_MASTERSLICE         0
            li1     60436
           met1     79889
           met2      8502
           met3       407
           met4         0
-------------------------
                   149234


start 17th optimization iteration ...
    completing 10% with 3 violations
    elapsed time = 00:00:00, memory = 826.40 (MB)
    completing 20% with 3 violations
    elapsed time = 00:00:01, memory = 826.40 (MB)
    completing 30% with 3 violations
    elapsed time = 00:00:01, memory = 826.40 (MB)
    completing 40% with 3 violations
    elapsed time = 00:00:02, memory = 826.40 (MB)
    completing 50% with 3 violations
    elapsed time = 00:00:02, memory = 826.40 (MB)
    completing 60% with 3 violations
    elapsed time = 00:00:03, memory = 826.40 (MB)
    completing 70% with 3 violations
    elapsed time = 00:00:04, memory = 826.40 (MB)
    completing 80% with 2 violations
    elapsed time = 00:00:06, memory = 826.40 (MB)
    completing 90% with 2 violations
    elapsed time = 00:00:06, memory = 826.40 (MB)
    completing 100% with 2 violations
    elapsed time = 00:00:07, memory = 826.40 (MB)
  number of violations = 2
cpu time = 00:00:26, elapsed time = 00:00:07, memory = 826.40 (MB), peak = 860.04 (MB)
total wire length = 1108662 um
total wire length on LAYER li1 = 439 um
total wire length on LAYER met1 = 496185 um
total wire length on LAYER met2 = 474891 um
total wire length on LAYER met3 = 120758 um
total wire length on LAYER met4 = 16387 um
total wire length on LAYER met5 = 0 um
total number of vias = 149175
up-via summary (total 149175):

-------------------------
 FR_MASTERSLICE         0
            li1     60436
           met1     79849
           met2      8482
           met3       408
           met4         0
-------------------------
                   149175


start 18th optimization iteration ...
    completing 10% with 2 violations
    elapsed time = 00:00:00, memory = 826.40 (MB)
    completing 20% with 2 violations
    elapsed time = 00:00:01, memory = 826.40 (MB)
    completing 30% with 2 violations
    elapsed time = 00:00:01, memory = 826.40 (MB)
    completing 40% with 2 violations
    elapsed time = 00:00:02, memory = 826.40 (MB)
    completing 50% with 2 violations
    elapsed time = 00:00:03, memory = 826.40 (MB)
    completing 60% with 2 violations
    elapsed time = 00:00:03, memory = 826.40 (MB)
    completing 70% with 2 violations
    elapsed time = 00:00:04, memory = 826.40 (MB)
    completing 80% with 2 violations
    elapsed time = 00:00:05, memory = 826.40 (MB)
    completing 90% with 2 violations
    elapsed time = 00:00:05, memory = 826.40 (MB)
    completing 100% with 2 violations
    elapsed time = 00:00:06, memory = 826.40 (MB)
  number of violations = 2
cpu time = 00:00:23, elapsed time = 00:00:06, memory = 826.40 (MB), peak = 860.04 (MB)
total wire length = 1108662 um
total wire length on LAYER li1 = 439 um
total wire length on LAYER met1 = 496185 um
total wire length on LAYER met2 = 474891 um
total wire length on LAYER met3 = 120758 um
total wire length on LAYER met4 = 16387 um
total wire length on LAYER met5 = 0 um
total number of vias = 149175
up-via summary (total 149175):

-------------------------
 FR_MASTERSLICE         0
            li1     60436
           met1     79849
           met2      8482
           met3       408
           met4         0
-------------------------
                   149175


start 19th optimization iteration ...
    completing 10% with 2 violations
    elapsed time = 00:00:00, memory = 826.40 (MB)
    completing 20% with 2 violations
    elapsed time = 00:00:01, memory = 826.40 (MB)
    completing 30% with 2 violations
    elapsed time = 00:00:01, memory = 826.40 (MB)
    completing 40% with 2 violations
    elapsed time = 00:00:02, memory = 826.40 (MB)
    completing 50% with 2 violations
    elapsed time = 00:00:03, memory = 826.40 (MB)
    completing 60% with 2 violations
    elapsed time = 00:00:03, memory = 826.40 (MB)
    completing 70% with 2 violations
    elapsed time = 00:00:04, memory = 826.40 (MB)
    completing 80% with 2 violations
    elapsed time = 00:00:05, memory = 826.40 (MB)
    completing 90% with 2 violations
    elapsed time = 00:00:05, memory = 826.40 (MB)
    completing 100% with 2 violations
    elapsed time = 00:00:06, memory = 826.40 (MB)
  number of violations = 2
cpu time = 00:00:23, elapsed time = 00:00:06, memory = 826.40 (MB), peak = 860.04 (MB)
total wire length = 1108662 um
total wire length on LAYER li1 = 439 um
total wire length on LAYER met1 = 496185 um
total wire length on LAYER met2 = 474891 um
total wire length on LAYER met3 = 120758 um
total wire length on LAYER met4 = 16387 um
total wire length on LAYER met5 = 0 um
total number of vias = 149175
up-via summary (total 149175):

-------------------------
 FR_MASTERSLICE         0
            li1     60436
           met1     79849
           met2      8482
           met3       408
           met4         0
-------------------------
                   149175


start 20th optimization iteration ...
    completing 10% with 2 violations
    elapsed time = 00:00:00, memory = 826.40 (MB)
    completing 20% with 2 violations
    elapsed time = 00:00:01, memory = 826.40 (MB)
    completing 30% with 2 violations
    elapsed time = 00:00:01, memory = 826.40 (MB)
    completing 40% with 2 violations
    elapsed time = 00:00:02, memory = 826.40 (MB)
    completing 50% with 2 violations
    elapsed time = 00:00:03, memory = 826.40 (MB)
    completing 60% with 2 violations
    elapsed time = 00:00:03, memory = 826.40 (MB)
    completing 70% with 2 violations
    elapsed time = 00:00:04, memory = 826.40 (MB)
    completing 80% with 2 violations
    elapsed time = 00:00:04, memory = 826.40 (MB)
    completing 90% with 2 violations
    elapsed time = 00:00:05, memory = 826.40 (MB)
    completing 100% with 2 violations
    elapsed time = 00:00:06, memory = 826.40 (MB)
  number of violations = 2
cpu time = 00:00:23, elapsed time = 00:00:06, memory = 826.40 (MB), peak = 860.04 (MB)
total wire length = 1108662 um
total wire length on LAYER li1 = 439 um
total wire length on LAYER met1 = 496185 um
total wire length on LAYER met2 = 474891 um
total wire length on LAYER met3 = 120758 um
total wire length on LAYER met4 = 16387 um
total wire length on LAYER met5 = 0 um
total number of vias = 149175
up-via summary (total 149175):

-------------------------
 FR_MASTERSLICE         0
            li1     60436
           met1     79849
           met2      8482
           met3       408
           met4         0
-------------------------
                   149175


start 21st optimization iteration ...
    completing 10% with 2 violations
    elapsed time = 00:00:00, memory = 826.40 (MB)
    completing 20% with 2 violations
    elapsed time = 00:00:01, memory = 826.40 (MB)
    completing 30% with 2 violations
    elapsed time = 00:00:01, memory = 826.40 (MB)
    completing 40% with 2 violations
    elapsed time = 00:00:02, memory = 826.40 (MB)
    completing 50% with 2 violations
    elapsed time = 00:00:03, memory = 826.40 (MB)
    completing 60% with 2 violations
    elapsed time = 00:00:03, memory = 826.40 (MB)
    completing 70% with 2 violations
    elapsed time = 00:00:04, memory = 826.40 (MB)
    completing 80% with 2 violations
    elapsed time = 00:00:04, memory = 826.40 (MB)
    completing 90% with 2 violations
    elapsed time = 00:00:05, memory = 826.40 (MB)
    completing 100% with 2 violations
    elapsed time = 00:00:06, memory = 826.40 (MB)
  number of violations = 2
cpu time = 00:00:24, elapsed time = 00:00:06, memory = 826.40 (MB), peak = 860.04 (MB)
total wire length = 1108662 um
total wire length on LAYER li1 = 439 um
total wire length on LAYER met1 = 496185 um
total wire length on LAYER met2 = 474891 um
total wire length on LAYER met3 = 120758 um
total wire length on LAYER met4 = 16387 um
total wire length on LAYER met5 = 0 um
total number of vias = 149175
up-via summary (total 149175):

-------------------------
 FR_MASTERSLICE         0
            li1     60436
           met1     79849
           met2      8482
           met3       408
           met4         0
-------------------------
                   149175


start 22nd optimization iteration ...
    completing 10% with 2 violations
    elapsed time = 00:00:00, memory = 826.40 (MB)
    completing 20% with 2 violations
    elapsed time = 00:00:01, memory = 826.40 (MB)
    completing 30% with 2 violations
    elapsed time = 00:00:01, memory = 826.40 (MB)
    completing 40% with 2 violations
    elapsed time = 00:00:02, memory = 826.40 (MB)
    completing 50% with 2 violations
    elapsed time = 00:00:02, memory = 826.40 (MB)
    completing 60% with 2 violations
    elapsed time = 00:00:03, memory = 826.40 (MB)
    completing 70% with 2 violations
    elapsed time = 00:00:04, memory = 826.40 (MB)
    completing 80% with 2 violations
    elapsed time = 00:00:04, memory = 826.40 (MB)
    completing 90% with 2 violations
    elapsed time = 00:00:05, memory = 826.40 (MB)
    completing 100% with 2 violations
    elapsed time = 00:00:05, memory = 826.40 (MB)
  number of violations = 2
cpu time = 00:00:23, elapsed time = 00:00:06, memory = 826.40 (MB), peak = 860.04 (MB)
total wire length = 1108662 um
total wire length on LAYER li1 = 439 um
total wire length on LAYER met1 = 496186 um
total wire length on LAYER met2 = 474889 um
total wire length on LAYER met3 = 120758 um
total wire length on LAYER met4 = 16387 um
total wire length on LAYER met5 = 0 um
total number of vias = 149175
up-via summary (total 149175):

-------------------------
 FR_MASTERSLICE         0
            li1     60436
           met1     79849
           met2      8482
           met3       408
           met4         0
-------------------------
                   149175


start 23rd optimization iteration ...
    completing 10% with 2 violations
    elapsed time = 00:00:00, memory = 826.40 (MB)
    completing 20% with 2 violations
    elapsed time = 00:00:01, memory = 826.40 (MB)
    completing 30% with 2 violations
    elapsed time = 00:00:01, memory = 826.40 (MB)
    completing 40% with 2 violations
    elapsed time = 00:00:02, memory = 826.40 (MB)
    completing 50% with 2 violations
    elapsed time = 00:00:02, memory = 826.40 (MB)
    completing 60% with 2 violations
    elapsed time = 00:00:03, memory = 826.40 (MB)
    completing 70% with 2 violations
    elapsed time = 00:00:04, memory = 826.40 (MB)
    completing 80% with 2 violations
    elapsed time = 00:00:04, memory = 826.40 (MB)
    completing 90% with 2 violations
    elapsed time = 00:00:05, memory = 826.40 (MB)
    completing 100% with 2 violations
    elapsed time = 00:00:06, memory = 826.40 (MB)
  number of violations = 2
cpu time = 00:00:23, elapsed time = 00:00:06, memory = 826.40 (MB), peak = 860.04 (MB)
total wire length = 1108662 um
total wire length on LAYER li1 = 439 um
total wire length on LAYER met1 = 496186 um
total wire length on LAYER met2 = 474889 um
total wire length on LAYER met3 = 120758 um
total wire length on LAYER met4 = 16387 um
total wire length on LAYER met5 = 0 um
total number of vias = 149175
up-via summary (total 149175):

-------------------------
 FR_MASTERSLICE         0
            li1     60436
           met1     79849
           met2      8482
           met3       408
           met4         0
-------------------------
                   149175


start 24th optimization iteration ...
    completing 10% with 2 violations
    elapsed time = 00:00:00, memory = 826.40 (MB)
    completing 20% with 2 violations
    elapsed time = 00:00:00, memory = 826.40 (MB)
    completing 30% with 2 violations
    elapsed time = 00:00:01, memory = 826.40 (MB)
    completing 40% with 2 violations
    elapsed time = 00:00:02, memory = 826.40 (MB)
    completing 50% with 2 violations
    elapsed time = 00:00:02, memory = 826.40 (MB)
    completing 60% with 2 violations
    elapsed time = 00:00:03, memory = 826.40 (MB)
    completing 70% with 2 violations
    elapsed time = 00:00:04, memory = 826.40 (MB)
    completing 80% with 2 violations
    elapsed time = 00:00:04, memory = 826.40 (MB)
    completing 90% with 2 violations
    elapsed time = 00:00:05, memory = 826.40 (MB)
    completing 100% with 2 violations
    elapsed time = 00:00:06, memory = 826.40 (MB)
  number of violations = 2
cpu time = 00:00:23, elapsed time = 00:00:06, memory = 826.40 (MB), peak = 860.04 (MB)
total wire length = 1108662 um
total wire length on LAYER li1 = 439 um
total wire length on LAYER met1 = 496186 um
total wire length on LAYER met2 = 474889 um
total wire length on LAYER met3 = 120758 um
total wire length on LAYER met4 = 16387 um
total wire length on LAYER met5 = 0 um
total number of vias = 149175
up-via summary (total 149175):

-------------------------
 FR_MASTERSLICE         0
            li1     60436
           met1     79849
           met2      8482
           met3       408
           met4         0
-------------------------
                   149175


start 25th optimization iteration ...
    completing 10% with 2 violations
    elapsed time = 00:00:00, memory = 826.40 (MB)
    completing 20% with 2 violations
    elapsed time = 00:00:01, memory = 826.40 (MB)
    completing 30% with 2 violations
    elapsed time = 00:00:01, memory = 826.40 (MB)
    completing 40% with 2 violations
    elapsed time = 00:00:02, memory = 826.40 (MB)
    completing 50% with 2 violations
    elapsed time = 00:00:03, memory = 826.40 (MB)
    completing 60% with 2 violations
    elapsed time = 00:00:03, memory = 826.40 (MB)
    completing 70% with 2 violations
    elapsed time = 00:00:04, memory = 826.40 (MB)
    completing 80% with 2 violations
    elapsed time = 00:00:05, memory = 826.40 (MB)
    completing 90% with 2 violations
    elapsed time = 00:00:05, memory = 826.40 (MB)
    completing 100% with 2 violations
    elapsed time = 00:00:06, memory = 826.40 (MB)
  number of violations = 2
cpu time = 00:00:25, elapsed time = 00:00:06, memory = 826.40 (MB), peak = 860.04 (MB)
total wire length = 1108663 um
total wire length on LAYER li1 = 439 um
total wire length on LAYER met1 = 496187 um
total wire length on LAYER met2 = 474889 um
total wire length on LAYER met3 = 120758 um
total wire length on LAYER met4 = 16387 um
total wire length on LAYER met5 = 0 um
total number of vias = 149176
up-via summary (total 149176):

-------------------------
 FR_MASTERSLICE         0
            li1     60436
           met1     79850
           met2      8482
           met3       408
           met4         0
-------------------------
                   149176


start 26th optimization iteration ...
    completing 10% with 2 violations
    elapsed time = 00:00:00, memory = 826.40 (MB)
    completing 20% with 2 violations
    elapsed time = 00:00:01, memory = 826.40 (MB)
    completing 30% with 2 violations
    elapsed time = 00:00:01, memory = 826.40 (MB)
    completing 40% with 2 violations
    elapsed time = 00:00:02, memory = 826.40 (MB)
    completing 50% with 2 violations
    elapsed time = 00:00:03, memory = 826.40 (MB)
    completing 60% with 2 violations
    elapsed time = 00:00:03, memory = 826.40 (MB)
    completing 70% with 2 violations
    elapsed time = 00:00:04, memory = 826.40 (MB)
    completing 80% with 2 violations
    elapsed time = 00:00:04, memory = 826.40 (MB)
    completing 90% with 2 violations
    elapsed time = 00:00:05, memory = 826.40 (MB)
    completing 100% with 2 violations
    elapsed time = 00:00:06, memory = 826.40 (MB)
  number of violations = 2
cpu time = 00:00:23, elapsed time = 00:00:06, memory = 826.40 (MB), peak = 860.04 (MB)
total wire length = 1108663 um
total wire length on LAYER li1 = 439 um
total wire length on LAYER met1 = 496187 um
total wire length on LAYER met2 = 474889 um
total wire length on LAYER met3 = 120758 um
total wire length on LAYER met4 = 16387 um
total wire length on LAYER met5 = 0 um
total number of vias = 149176
up-via summary (total 149176):

-------------------------
 FR_MASTERSLICE         0
            li1     60436
           met1     79850
           met2      8482
           met3       408
           met4         0
-------------------------
                   149176


start 27th optimization iteration ...
    completing 10% with 2 violations
    elapsed time = 00:00:00, memory = 826.40 (MB)
    completing 20% with 2 violations
    elapsed time = 00:00:01, memory = 826.40 (MB)
    completing 30% with 2 violations
    elapsed time = 00:00:01, memory = 826.40 (MB)
    completing 40% with 2 violations
    elapsed time = 00:00:02, memory = 826.40 (MB)
    completing 50% with 2 violations
    elapsed time = 00:00:03, memory = 826.40 (MB)
    completing 60% with 2 violations
    elapsed time = 00:00:03, memory = 826.40 (MB)
    completing 70% with 2 violations
    elapsed time = 00:00:04, memory = 826.40 (MB)
    completing 80% with 2 violations
    elapsed time = 00:00:04, memory = 826.40 (MB)
    completing 90% with 2 violations
    elapsed time = 00:00:05, memory = 826.40 (MB)
    completing 100% with 2 violations
    elapsed time = 00:00:06, memory = 826.40 (MB)
  number of violations = 2
cpu time = 00:00:23, elapsed time = 00:00:06, memory = 826.40 (MB), peak = 860.04 (MB)
total wire length = 1108663 um
total wire length on LAYER li1 = 439 um
total wire length on LAYER met1 = 496187 um
total wire length on LAYER met2 = 474889 um
total wire length on LAYER met3 = 120758 um
total wire length on LAYER met4 = 16387 um
total wire length on LAYER met5 = 0 um
total number of vias = 149176
up-via summary (total 149176):

-------------------------
 FR_MASTERSLICE         0
            li1     60436
           met1     79850
           met2      8482
           met3       408
           met4         0
-------------------------
                   149176


start 28th optimization iteration ...
    completing 10% with 2 violations
    elapsed time = 00:00:00, memory = 826.40 (MB)
    completing 20% with 2 violations
    elapsed time = 00:00:01, memory = 826.40 (MB)
    completing 30% with 2 violations
    elapsed time = 00:00:01, memory = 826.40 (MB)
    completing 40% with 2 violations
    elapsed time = 00:00:02, memory = 826.40 (MB)
    completing 50% with 2 violations
    elapsed time = 00:00:03, memory = 826.40 (MB)
    completing 60% with 2 violations
    elapsed time = 00:00:03, memory = 826.40 (MB)
    completing 70% with 2 violations
    elapsed time = 00:00:04, memory = 826.40 (MB)
    completing 80% with 2 violations
    elapsed time = 00:00:04, memory = 826.40 (MB)
    completing 90% with 2 violations
    elapsed time = 00:00:05, memory = 826.40 (MB)
    completing 100% with 2 violations
    elapsed time = 00:00:05, memory = 826.40 (MB)
  number of violations = 2
cpu time = 00:00:23, elapsed time = 00:00:06, memory = 826.40 (MB), peak = 860.04 (MB)
total wire length = 1108663 um
total wire length on LAYER li1 = 439 um
total wire length on LAYER met1 = 496187 um
total wire length on LAYER met2 = 474889 um
total wire length on LAYER met3 = 120758 um
total wire length on LAYER met4 = 16387 um
total wire length on LAYER met5 = 0 um
total number of vias = 149176
up-via summary (total 149176):

-------------------------
 FR_MASTERSLICE         0
            li1     60436
           met1     79850
           met2      8482
           met3       408
           met4         0
-------------------------
                   149176


start 29th optimization iteration ...
    completing 10% with 2 violations
    elapsed time = 00:00:00, memory = 826.40 (MB)
    completing 20% with 2 violations
    elapsed time = 00:00:01, memory = 826.40 (MB)
    completing 30% with 2 violations
    elapsed time = 00:00:01, memory = 826.40 (MB)
    completing 40% with 2 violations
    elapsed time = 00:00:02, memory = 826.40 (MB)
    completing 50% with 2 violations
    elapsed time = 00:00:02, memory = 826.40 (MB)
    completing 60% with 2 violations
    elapsed time = 00:00:03, memory = 826.40 (MB)
    completing 70% with 2 violations
    elapsed time = 00:00:04, memory = 826.40 (MB)
    completing 80% with 2 violations
    elapsed time = 00:00:04, memory = 826.40 (MB)
    completing 90% with 2 violations
    elapsed time = 00:00:05, memory = 826.40 (MB)
    completing 100% with 2 violations
    elapsed time = 00:00:06, memory = 826.40 (MB)
  number of violations = 2
cpu time = 00:00:23, elapsed time = 00:00:06, memory = 826.40 (MB), peak = 860.04 (MB)
total wire length = 1108663 um
total wire length on LAYER li1 = 439 um
total wire length on LAYER met1 = 496187 um
total wire length on LAYER met2 = 474889 um
total wire length on LAYER met3 = 120758 um
total wire length on LAYER met4 = 16387 um
total wire length on LAYER met5 = 0 um
total number of vias = 149176
up-via summary (total 149176):

-------------------------
 FR_MASTERSLICE         0
            li1     60436
           met1     79850
           met2      8482
           met3       408
           met4         0
-------------------------
                   149176


start 30th optimization iteration ...
    completing 10% with 2 violations
    elapsed time = 00:00:00, memory = 826.40 (MB)
    completing 20% with 2 violations
    elapsed time = 00:00:01, memory = 826.40 (MB)
    completing 30% with 2 violations
    elapsed time = 00:00:01, memory = 826.40 (MB)
    completing 40% with 2 violations
    elapsed time = 00:00:02, memory = 826.40 (MB)
    completing 50% with 2 violations
    elapsed time = 00:00:02, memory = 826.40 (MB)
    completing 60% with 2 violations
    elapsed time = 00:00:03, memory = 826.40 (MB)
    completing 70% with 2 violations
    elapsed time = 00:00:04, memory = 826.40 (MB)
    completing 80% with 2 violations
    elapsed time = 00:00:04, memory = 826.40 (MB)
    completing 90% with 2 violations
    elapsed time = 00:00:05, memory = 826.40 (MB)
    completing 100% with 2 violations
    elapsed time = 00:00:06, memory = 826.40 (MB)
  number of violations = 2
cpu time = 00:00:23, elapsed time = 00:00:06, memory = 826.40 (MB), peak = 860.04 (MB)
total wire length = 1108662 um
total wire length on LAYER li1 = 439 um
total wire length on LAYER met1 = 496188 um
total wire length on LAYER met2 = 474888 um
total wire length on LAYER met3 = 120758 um
total wire length on LAYER met4 = 16387 um
total wire length on LAYER met5 = 0 um
total number of vias = 149176
up-via summary (total 149176):

-------------------------
 FR_MASTERSLICE         0
            li1     60436
           met1     79850
           met2      8482
           met3       408
           met4         0
-------------------------
                   149176


start 31st optimization iteration ...
    completing 10% with 2 violations
    elapsed time = 00:00:00, memory = 826.40 (MB)
    completing 20% with 2 violations
    elapsed time = 00:00:01, memory = 826.40 (MB)
    completing 30% with 2 violations
    elapsed time = 00:00:01, memory = 826.40 (MB)
    completing 40% with 2 violations
    elapsed time = 00:00:02, memory = 826.40 (MB)
    completing 50% with 2 violations
    elapsed time = 00:00:02, memory = 826.40 (MB)
    completing 60% with 2 violations
    elapsed time = 00:00:03, memory = 826.40 (MB)
    completing 70% with 2 violations
    elapsed time = 00:00:04, memory = 826.40 (MB)
    completing 80% with 2 violations
    elapsed time = 00:00:04, memory = 826.40 (MB)
    completing 90% with 2 violations
    elapsed time = 00:00:05, memory = 826.40 (MB)
    completing 100% with 2 violations
    elapsed time = 00:00:06, memory = 826.40 (MB)
  number of violations = 2
cpu time = 00:00:24, elapsed time = 00:00:06, memory = 826.40 (MB), peak = 860.04 (MB)
total wire length = 1108662 um
total wire length on LAYER li1 = 439 um
total wire length on LAYER met1 = 496188 um
total wire length on LAYER met2 = 474888 um
total wire length on LAYER met3 = 120758 um
total wire length on LAYER met4 = 16387 um
total wire length on LAYER met5 = 0 um
total number of vias = 149176
up-via summary (total 149176):

-------------------------
 FR_MASTERSLICE         0
            li1     60436
           met1     79850
           met2      8482
           met3       408
           met4         0
-------------------------
                   149176


start 32nd optimization iteration ...
    completing 10% with 2 violations
    elapsed time = 00:00:00, memory = 826.40 (MB)
    completing 20% with 2 violations
    elapsed time = 00:00:01, memory = 826.40 (MB)
    completing 30% with 2 violations
    elapsed time = 00:00:01, memory = 826.40 (MB)
    completing 40% with 2 violations
    elapsed time = 00:00:02, memory = 826.40 (MB)
    completing 50% with 2 violations
    elapsed time = 00:00:02, memory = 826.40 (MB)
    completing 60% with 2 violations
    elapsed time = 00:00:03, memory = 826.40 (MB)
    completing 70% with 2 violations
    elapsed time = 00:00:04, memory = 826.40 (MB)
    completing 80% with 2 violations
    elapsed time = 00:00:04, memory = 826.40 (MB)
    completing 90% with 2 violations
    elapsed time = 00:00:05, memory = 826.40 (MB)
    completing 100% with 2 violations
    elapsed time = 00:00:06, memory = 826.40 (MB)
  number of violations = 2
cpu time = 00:00:23, elapsed time = 00:00:06, memory = 826.40 (MB), peak = 860.04 (MB)
total wire length = 1108662 um
total wire length on LAYER li1 = 439 um
total wire length on LAYER met1 = 496188 um
total wire length on LAYER met2 = 474888 um
total wire length on LAYER met3 = 120758 um
total wire length on LAYER met4 = 16387 um
total wire length on LAYER met5 = 0 um
total number of vias = 149176
up-via summary (total 149176):

-------------------------
 FR_MASTERSLICE         0
            li1     60436
           met1     79850
           met2      8482
           met3       408
           met4         0
-------------------------
                   149176


start 33rd optimization iteration ...
    completing 10% with 2 violations
    elapsed time = 00:00:00, memory = 826.40 (MB)
    completing 20% with 2 violations
    elapsed time = 00:00:01, memory = 826.40 (MB)
    completing 30% with 2 violations
    elapsed time = 00:00:02, memory = 826.40 (MB)
    completing 40% with 2 violations
    elapsed time = 00:00:02, memory = 826.40 (MB)
    completing 50% with 2 violations
    elapsed time = 00:00:03, memory = 826.40 (MB)
    completing 60% with 2 violations
    elapsed time = 00:00:04, memory = 826.40 (MB)
    completing 70% with 2 violations
    elapsed time = 00:00:04, memory = 826.40 (MB)
    completing 80% with 2 violations
    elapsed time = 00:00:05, memory = 826.40 (MB)
    completing 90% with 2 violations
    elapsed time = 00:00:06, memory = 826.40 (MB)
    completing 100% with 2 violations
    elapsed time = 00:00:06, memory = 826.40 (MB)
  number of violations = 2
cpu time = 00:00:27, elapsed time = 00:00:07, memory = 826.40 (MB), peak = 860.04 (MB)
total wire length = 1108663 um
total wire length on LAYER li1 = 439 um
total wire length on LAYER met1 = 496187 um
total wire length on LAYER met2 = 474889 um
total wire length on LAYER met3 = 120758 um
total wire length on LAYER met4 = 16387 um
total wire length on LAYER met5 = 0 um
total number of vias = 149176
up-via summary (total 149176):

-------------------------
 FR_MASTERSLICE         0
            li1     60436
           met1     79850
           met2      8482
           met3       408
           met4         0
-------------------------
                   149176


start 34th optimization iteration ...
    completing 10% with 2 violations
    elapsed time = 00:00:00, memory = 826.40 (MB)
    completing 20% with 2 violations
    elapsed time = 00:00:01, memory = 826.40 (MB)
    completing 30% with 2 violations
    elapsed time = 00:00:01, memory = 826.40 (MB)
    completing 40% with 2 violations
    elapsed time = 00:00:02, memory = 826.40 (MB)
    completing 50% with 2 violations
    elapsed time = 00:00:03, memory = 826.40 (MB)
    completing 60% with 2 violations
    elapsed time = 00:00:03, memory = 826.40 (MB)
    completing 70% with 2 violations
    elapsed time = 00:00:04, memory = 826.40 (MB)
    completing 80% with 0 violations
    elapsed time = 00:00:04, memory = 826.40 (MB)
    completing 90% with 0 violations
    elapsed time = 00:00:05, memory = 826.40 (MB)
    completing 100% with 0 violations
    elapsed time = 00:00:05, memory = 826.40 (MB)
  number of violations = 0
cpu time = 00:00:23, elapsed time = 00:00:06, memory = 826.40 (MB), peak = 860.04 (MB)
total wire length = 1108660 um
total wire length on LAYER li1 = 439 um
total wire length on LAYER met1 = 496188 um
total wire length on LAYER met2 = 474886 um
total wire length on LAYER met3 = 120758 um
total wire length on LAYER met4 = 16387 um
total wire length on LAYER met5 = 0 um
total number of vias = 149176
up-via summary (total 149176):

-------------------------
 FR_MASTERSLICE         0
            li1     60436
           met1     79850
           met2      8482
           met3       408
           met4         0
-------------------------
                   149176


start 41st optimization iteration ...
    completing 10% with 0 violations
    elapsed time = 00:00:00, memory = 826.40 (MB)
    completing 20% with 0 violations
    elapsed time = 00:00:01, memory = 826.40 (MB)
    completing 30% with 0 violations
    elapsed time = 00:00:01, memory = 826.40 (MB)
    completing 40% with 0 violations
    elapsed time = 00:00:02, memory = 826.40 (MB)
    completing 50% with 0 violations
    elapsed time = 00:00:03, memory = 826.40 (MB)
    completing 60% with 0 violations
    elapsed time = 00:00:04, memory = 826.40 (MB)
    completing 70% with 0 violations
    elapsed time = 00:00:04, memory = 826.40 (MB)
    completing 80% with 0 violations
    elapsed time = 00:00:05, memory = 826.40 (MB)
    completing 90% with 0 violations
    elapsed time = 00:00:06, memory = 826.40 (MB)
    completing 100% with 0 violations
    elapsed time = 00:00:07, memory = 826.40 (MB)
  number of violations = 0
cpu time = 00:00:27, elapsed time = 00:00:07, memory = 826.40 (MB), peak = 860.04 (MB)
total wire length = 1108660 um
total wire length on LAYER li1 = 439 um
total wire length on LAYER met1 = 496188 um
total wire length on LAYER met2 = 474886 um
total wire length on LAYER met3 = 120758 um
total wire length on LAYER met4 = 16387 um
total wire length on LAYER met5 = 0 um
total number of vias = 149176
up-via summary (total 149176):

-------------------------
 FR_MASTERSLICE         0
            li1     60436
           met1     79850
           met2      8482
           met3       408
           met4         0
-------------------------
                   149176


start 49th optimization iteration ...
    completing 10% with 0 violations
    elapsed time = 00:00:00, memory = 826.40 (MB)
    completing 20% with 0 violations
    elapsed time = 00:00:01, memory = 826.40 (MB)
    completing 30% with 0 violations
    elapsed time = 00:00:02, memory = 826.40 (MB)
    completing 40% with 0 violations
    elapsed time = 00:00:02, memory = 826.40 (MB)
    completing 50% with 0 violations
    elapsed time = 00:00:03, memory = 826.40 (MB)
    completing 60% with 0 violations
    elapsed time = 00:00:04, memory = 826.40 (MB)
    completing 70% with 0 violations
    elapsed time = 00:00:05, memory = 826.40 (MB)
    completing 80% with 0 violations
    elapsed time = 00:00:05, memory = 826.40 (MB)
    completing 90% with 0 violations
    elapsed time = 00:00:06, memory = 826.40 (MB)
    completing 100% with 0 violations
    elapsed time = 00:00:07, memory = 826.40 (MB)
  number of violations = 0
cpu time = 00:00:28, elapsed time = 00:00:07, memory = 826.40 (MB), peak = 860.04 (MB)
total wire length = 1108660 um
total wire length on LAYER li1 = 439 um
total wire length on LAYER met1 = 496188 um
total wire length on LAYER met2 = 474886 um
total wire length on LAYER met3 = 120758 um
total wire length on LAYER met4 = 16387 um
total wire length on LAYER met5 = 0 um
total number of vias = 149176
up-via summary (total 149176):

-------------------------
 FR_MASTERSLICE         0
            li1     60436
           met1     79850
           met2      8482
           met3       408
           met4         0
-------------------------
                   149176


start 57th optimization iteration ...
    completing 10% with 0 violations
    elapsed time = 00:00:00, memory = 826.40 (MB)
    completing 20% with 0 violations
    elapsed time = 00:00:01, memory = 826.40 (MB)
    completing 30% with 0 violations
    elapsed time = 00:00:02, memory = 826.40 (MB)
    completing 40% with 0 violations
    elapsed time = 00:00:02, memory = 826.40 (MB)
    completing 50% with 0 violations
    elapsed time = 00:00:03, memory = 826.40 (MB)
    completing 60% with 0 violations
    elapsed time = 00:00:04, memory = 826.40 (MB)
    completing 70% with 0 violations
    elapsed time = 00:00:05, memory = 826.40 (MB)
    completing 80% with 0 violations
    elapsed time = 00:00:05, memory = 826.40 (MB)
    completing 90% with 0 violations
    elapsed time = 00:00:06, memory = 826.40 (MB)
    completing 100% with 0 violations
    elapsed time = 00:00:07, memory = 826.40 (MB)
  number of violations = 0
cpu time = 00:00:28, elapsed time = 00:00:07, memory = 826.40 (MB), peak = 860.04 (MB)
total wire length = 1108660 um
total wire length on LAYER li1 = 439 um
total wire length on LAYER met1 = 496188 um
total wire length on LAYER met2 = 474886 um
total wire length on LAYER met3 = 120758 um
total wire length on LAYER met4 = 16387 um
total wire length on LAYER met5 = 0 um
total number of vias = 149176
up-via summary (total 149176):

-------------------------
 FR_MASTERSLICE         0
            li1     60436
           met1     79850
           met2      8482
           met3       408
           met4         0
-------------------------
                   149176


complete detail routing
total wire length = 1108660 um
total wire length on LAYER li1 = 439 um
total wire length on LAYER met1 = 496188 um
total wire length on LAYER met2 = 474886 um
total wire length on LAYER met3 = 120758 um
total wire length on LAYER met4 = 16387 um
total wire length on LAYER met5 = 0 um
total number of vias = 149176
up-via summary (total 149176):

-------------------------
 FR_MASTERSLICE         0
            li1     60436
           met1     79850
           met2      8482
           met3       408
           met4         0
-------------------------
                   149176

cpu time = 00:52:58, elapsed time = 00:13:55, memory = 826.40 (MB), peak = 860.04 (MB)

post processing ...

Runtime taken (hrt): 852.821
