Startpoint: _31201_ (rising edge-triggered flip-flop clocked by clk)
Endpoint: _31201_ (rising edge-triggered flip-flop clocked by clk)
Path Group: clk
Path Type: min

Fanout     Cap    Slew   Delay    Time   Description
-----------------------------------------------------------------------------
                  0.00    0.00    0.00   clock clk (rise edge)
                          0.00    0.00   clock network delay (ideal)
                  0.00    0.00    0.00 ^ _31201_/CLK (sky130_fd_sc_hd__dfxtp_1)
                  0.01    0.16    0.16 ^ _31201_/Q (sky130_fd_sc_hd__dfxtp_1)
     2    0.00                           cpuregs[0][6] (net)
                  0.01    0.00    0.16 ^ _18485_/A (sky130_fd_sc_hd__clkbuf_1)
                  0.03    0.04    0.20 ^ _18485_/X (sky130_fd_sc_hd__clkbuf_1)
     1    0.00                           _02841_ (net)
                  0.03    0.00    0.20 ^ _31201_/D (sky130_fd_sc_hd__dfxtp_1)
                                  0.20   data arrival time

                  0.00    0.00    0.00   clock clk (rise edge)
                          0.00    0.00   clock network delay (ideal)
                          0.00    0.00   clock reconvergence pessimism
                                  0.00 ^ _31201_/CLK (sky130_fd_sc_hd__dfxtp_1)
                         -0.02   -0.02   library hold time
                                 -0.02   data required time
-----------------------------------------------------------------------------
                                 -0.02   data required time
                                 -0.20   data arrival time
-----------------------------------------------------------------------------
                                  0.22   slack (MET)


Startpoint: _32422_ (rising edge-triggered flip-flop clocked by clk)
Endpoint: _32349_ (rising edge-triggered flip-flop clocked by clk)
Path Group: clk
Path Type: max

Fanout     Cap    Slew   Delay    Time   Description
-----------------------------------------------------------------------------
                  0.00    0.00    0.00   clock clk (rise edge)
                          0.00    0.00   clock network delay (ideal)
                  0.00    0.00    0.00 ^ _32422_/CLK (sky130_fd_sc_hd__dfxtp_4)
                  0.11    0.69    0.69 ^ _32422_/Q (sky130_fd_sc_hd__dfxtp_4)
    33    0.02                           latched_stalu (net)
                  0.11    0.00    0.69 ^ _30323_/S (sky130_fd_sc_hd__mux2_1)
                  0.15    0.77    1.46 v _30323_/X (sky130_fd_sc_hd__mux2_1)
     2    0.01                           _00293_ (net)
                  0.15    0.00    1.46 v _30322_/A1 (sky130_fd_sc_hd__mux2_1)
                  0.10    0.67    2.13 v _30322_/X (sky130_fd_sc_hd__mux2_1)
     1    0.00                           _00294_ (net)
                  0.10    0.00    2.13 v _19592_/B (sky130_fd_sc_hd__and2_1)
                  0.06    0.32    2.45 v _19592_/X (sky130_fd_sc_hd__and2_1)
     1    0.00                           _00295_ (net)
                  0.06    0.00    2.45 v _29613_/A0 (sky130_fd_sc_hd__mux2_2)
                  0.14    0.60    3.05 v _29613_/X (sky130_fd_sc_hd__mux2_2)
     4    0.01                           _02560_ (net)
                  0.14    0.00    3.05 v _19974_/A (sky130_fd_sc_hd__xnor2_1)
                  0.15    0.30    3.35 v _19974_/Y (sky130_fd_sc_hd__xnor2_1)
     2    0.01                           _15017_ (net)
                  0.15    0.00    3.35 v _19979_/A_N (sky130_fd_sc_hd__nand3b_2)
                  0.17    0.51    3.86 v _19979_/Y (sky130_fd_sc_hd__nand3b_2)
     2    0.01                           _15019_ (net)
                  0.17    0.00    3.86 v _19986_/B2 (sky130_fd_sc_hd__a2bb2oi_1)
                  0.19    0.26    4.11 ^ _19986_/Y (sky130_fd_sc_hd__a2bb2oi_1)
     1    0.00                           _15024_ (net)
                  0.19    0.00    4.11 ^ _19987_/B1 (sky130_fd_sc_hd__a21o_1)
                  0.13    0.24    4.35 ^ _19987_/X (sky130_fd_sc_hd__a21o_1)
     2    0.01                           _15025_ (net)
                  0.13    0.00    4.35 ^ _19993_/B1 (sky130_fd_sc_hd__o21ai_1)
                  0.12    0.17    4.52 v _19993_/Y (sky130_fd_sc_hd__o21ai_1)
     1    0.00                           _15029_ (net)
                  0.12    0.00    4.52 v _19994_/B1 (sky130_fd_sc_hd__o21ai_2)
                  0.23    0.14    4.66 ^ _19994_/Y (sky130_fd_sc_hd__o21ai_2)
     2    0.01                           _15030_ (net)
                  0.23    0.00    4.66 ^ _20001_/B1 (sky130_fd_sc_hd__o21ai_1)
                  0.10    0.18    4.84 v _20001_/Y (sky130_fd_sc_hd__o21ai_1)
     1    0.00                           _15035_ (net)
                  0.10    0.00    4.84 v _20002_/B1 (sky130_fd_sc_hd__o21ai_1)
                  0.23    0.17    5.01 ^ _20002_/Y (sky130_fd_sc_hd__o21ai_1)
     2    0.00                           _15036_ (net)
                  0.23    0.00    5.01 ^ _20009_/A1 (sky130_fd_sc_hd__a21o_1)
                  0.12    0.31    5.32 ^ _20009_/X (sky130_fd_sc_hd__a21o_1)
     2    0.01                           _15041_ (net)
                  0.12    0.00    5.32 ^ _20016_/B1 (sky130_fd_sc_hd__o21ai_1)
                  0.13    0.17    5.49 v _20016_/Y (sky130_fd_sc_hd__o21ai_1)
     1    0.00                           _15046_ (net)
                  0.13    0.00    5.49 v _20017_/B1 (sky130_fd_sc_hd__o21ai_2)
                  0.25    0.15    5.63 ^ _20017_/Y (sky130_fd_sc_hd__o21ai_2)
     2    0.01                           _15047_ (net)
                  0.25    0.00    5.63 ^ _20023_/A1 (sky130_fd_sc_hd__a21o_1)
                  0.07    0.28    5.91 ^ _20023_/X (sky130_fd_sc_hd__a21o_1)
     2    0.00                           _15051_ (net)
                  0.07    0.00    5.91 ^ _20032_/A1 (sky130_fd_sc_hd__a21o_1)
                  0.13    0.25    6.17 ^ _20032_/X (sky130_fd_sc_hd__a21o_1)
     2    0.01                           _15058_ (net)
                  0.13    0.00    6.17 ^ _20038_/A1 (sky130_fd_sc_hd__a21o_1)
                  0.13    0.28    6.45 ^ _20038_/X (sky130_fd_sc_hd__a21o_1)
     2    0.01                           _15062_ (net)
                  0.13    0.00    6.45 ^ _20042_/A (sky130_fd_sc_hd__nand2_1)
                  0.08    0.12    6.57 v _20042_/Y (sky130_fd_sc_hd__nand2_1)
     2    0.00                           _15064_ (net)
                  0.08    0.00    6.57 v _20045_/A1 (sky130_fd_sc_hd__a21boi_1)
                  0.28    0.28    6.85 ^ _20045_/Y (sky130_fd_sc_hd__a21boi_1)
     2    0.01                           _15067_ (net)
                  0.28    0.00    6.85 ^ _20051_/B1 (sky130_fd_sc_hd__a21o_1)
                  0.04    0.19    7.04 ^ _20051_/X (sky130_fd_sc_hd__a21o_1)
     2    0.00                           _15071_ (net)
                  0.04    0.00    7.04 ^ _20057_/A1 (sky130_fd_sc_hd__a21o_1)
                  0.14    0.25    7.29 ^ _20057_/X (sky130_fd_sc_hd__a21o_1)
     2    0.01                           _15075_ (net)
                  0.14    0.00    7.29 ^ _20062_/A (sky130_fd_sc_hd__nand2_1)
                  0.08    0.13    7.42 v _20062_/Y (sky130_fd_sc_hd__nand2_1)
     1    0.00                           _15078_ (net)
                  0.08    0.00    7.42 v _20063_/B1 (sky130_fd_sc_hd__o21ai_1)
                  0.32    0.21    7.62 ^ _20063_/Y (sky130_fd_sc_hd__o21ai_1)
     2    0.01                           _15079_ (net)
                  0.32    0.00    7.62 ^ _20068_/A (sky130_fd_sc_hd__and2_1)
                  0.08    0.31    7.93 ^ _20068_/X (sky130_fd_sc_hd__and2_1)
     1    0.00                           _15082_ (net)
                  0.08    0.00    7.93 ^ _20069_/B1 (sky130_fd_sc_hd__a21o_1)
                  0.14    0.21    8.14 ^ _20069_/X (sky130_fd_sc_hd__a21o_1)
     2    0.01                           _15083_ (net)
                  0.14    0.00    8.14 ^ _20075_/A1 (sky130_fd_sc_hd__a21o_1)
                  0.13    0.29    8.42 ^ _20075_/X (sky130_fd_sc_hd__a21o_1)
     2    0.01                           _15087_ (net)
                  0.13    0.00    8.42 ^ _20083_/A1 (sky130_fd_sc_hd__a21o_1)
                  0.13    0.28    8.70 ^ _20083_/X (sky130_fd_sc_hd__a21o_1)
     2    0.01                           _15093_ (net)
                  0.13    0.00    8.70 ^ _20089_/A1 (sky130_fd_sc_hd__a21o_1)
                  0.15    0.29    8.99 ^ _20089_/X (sky130_fd_sc_hd__a21o_1)
     2    0.01                           _15097_ (net)
                  0.15    0.00    8.99 ^ _20095_/A1 (sky130_fd_sc_hd__a21oi_2)
                  0.10    0.16    9.15 v _20095_/Y (sky130_fd_sc_hd__a21oi_2)
     2    0.01                           _15101_ (net)
                  0.10    0.00    9.15 v _20100_/B1 (sky130_fd_sc_hd__a21o_1)
                  0.08    0.30    9.46 v _20100_/X (sky130_fd_sc_hd__a21o_1)
     1    0.00                           _15104_ (net)
                  0.08    0.00    9.46 v _20101_/B1 (sky130_fd_sc_hd__o21ai_2)
                  0.18    0.10    9.55 ^ _20101_/Y (sky130_fd_sc_hd__o21ai_2)
     4    0.01                           _15105_ (net)
                  0.18    0.00    9.55 ^ _20124_/A (sky130_fd_sc_hd__nand3_1)
                  0.14    0.19    9.74 v _20124_/Y (sky130_fd_sc_hd__nand3_1)
     1    0.00                           _15120_ (net)
                  0.14    0.00    9.74 v _20125_/A_N (sky130_fd_sc_hd__nand3b_1)
                  0.19    0.40   10.14 v _20125_/Y (sky130_fd_sc_hd__nand3b_1)
     1    0.01                           _15121_ (net)
                  0.19    0.00   10.14 v _20127_/A (sky130_fd_sc_hd__nand2_2)
                  0.08    0.15   10.29 ^ _20127_/Y (sky130_fd_sc_hd__nand2_2)
     3    0.01                           _15123_ (net)
                  0.08    0.00   10.29 ^ _20139_/A (sky130_fd_sc_hd__nand3_2)
                  0.17    0.17   10.46 v _20139_/Y (sky130_fd_sc_hd__nand3_2)
     2    0.01                           _15131_ (net)
                  0.17    0.00   10.47 v _20153_/A2 (sky130_fd_sc_hd__o21bai_2)
                  0.30    0.33   10.80 ^ _20153_/Y (sky130_fd_sc_hd__o21bai_2)
     3    0.01                           _15141_ (net)
                  0.30    0.00   10.80 ^ _20157_/A (sky130_fd_sc_hd__nand2_1)
                  0.12    0.20   11.00 v _20157_/Y (sky130_fd_sc_hd__nand2_1)
     2    0.00                           _15143_ (net)
                  0.12    0.00   11.00 v _20161_/A1 (sky130_fd_sc_hd__a21oi_1)
                  0.18    0.23   11.23 ^ _20161_/Y (sky130_fd_sc_hd__a21oi_1)
     1    0.00                           _15147_ (net)
                  0.18    0.00   11.23 ^ _20163_/A (sky130_fd_sc_hd__nor2_1)
                  0.06    0.13   11.36 v _20163_/Y (sky130_fd_sc_hd__nor2_1)
     1    0.00                           _01676_ (net)
                  0.06    0.00   11.36 v _30338_/A1 (sky130_fd_sc_hd__mux2_1)
                  0.11    0.64   12.00 v _30338_/X (sky130_fd_sc_hd__mux2_1)
     1    0.00                           _01677_ (net)
                  0.11    0.00   12.00 v _30792_/A1 (sky130_fd_sc_hd__mux4_2)
                  0.16    1.04   13.04 v _30792_/X (sky130_fd_sc_hd__mux4_2)
     1    0.01                           _01678_ (net)
                  0.16    0.00   13.04 v _30339_/A0 (sky130_fd_sc_hd__mux2_1)
                  0.11    0.65   13.69 v _30339_/X (sky130_fd_sc_hd__mux2_1)
     1    0.00                           _02529_ (net)
                  0.11    0.00   13.69 v _15894_/A (sky130_fd_sc_hd__or2b_1)
                  0.10    0.50   14.19 v _15894_/X (sky130_fd_sc_hd__or2b_1)
     1    0.00                           _13098_ (net)
                  0.10    0.00   14.19 v _15895_/C1 (sky130_fd_sc_hd__o211a_1)
                  0.07    0.20   14.40 v _15895_/X (sky130_fd_sc_hd__o211a_1)
     1    0.00                           _03989_ (net)
                  0.07    0.00   14.40 v _32349_/D (sky130_fd_sc_hd__dfxtp_1)
                                 14.40   data arrival time

                  0.00   24.73   24.73   clock clk (rise edge)
                          0.00   24.73   clock network delay (ideal)
                          0.00   24.73   clock reconvergence pessimism
                                 24.73 ^ _32349_/CLK (sky130_fd_sc_hd__dfxtp_1)
                         -0.29   24.44   library setup time
                                 24.44   data required time
-----------------------------------------------------------------------------
                                 24.44   data required time
                                -14.40   data arrival time
-----------------------------------------------------------------------------
                                 10.04   slack (MET)


