Fri Oct 04 15:26:23 UTC 2024 - Executing "python3 /openLANE_flow/scripts/extract_metal_layers.py -t /home/vsduser/Desktop/work/tools/openlane_working_dir/pdks/sky130A/libs.ref/sky130_fd_sc_hd/techlef/sky130_fd_sc_hd.tlef -o /openLANE_flow/designs/picorv32a/runs/03-10_23-15/tmp/met_layers_list.txt"

Fri Oct 04 15:26:24 UTC 2024 - Executing "/openLANE_flow/scripts/mergeLef.py -i /home/vsduser/Desktop/work/tools/openlane_working_dir/pdks/sky130A/libs.ref/sky130_fd_sc_hd/techlef/sky130_fd_sc_hd.tlef {/home/vsduser/Desktop/work/tools/openlane_working_dir/pdks/sky130A/libs.ref/sky130_fd_sc_hd/lef/sky130_fd_sc_hd.lef /home/vsduser/Desktop/work/tools/openlane_working_dir/pdks/sky130A/libs.ref/sky130_fd_sc_hd/lef/sky130_ef_sc_hd__fill_12.lef /home/vsduser/Desktop/work/tools/openlane_working_dir/pdks/sky130A/libs.ref/sky130_fd_sc_hd/lef/sky130_ef_sc_hd__decap_12.lef /home/vsduser/Desktop/work/tools/openlane_working_dir/pdks/sky130A/libs.ref/sky130_fd_sc_hd/lef/sky130_ef_sc_hd__fakediode_2.lef} -o /openLANE_flow/designs/picorv32a/runs/03-10_23-15/tmp/merged_unpadded.lef |& tee >&@stdout"

Fri Oct 04 15:26:24 UTC 2024 - Executing "/openLANE_flow/scripts/mergeLef.py -i /openLANE_flow/designs/picorv32a/runs/03-10_23-15/tmp/merged_unpadded.lef /openLANE_flow/designs/picorv32a/src/sky130_vsdinv.lef -o /openLANE_flow/designs/picorv32a/runs/03-10_23-15/tmp/merged_unpadded.lef |& tee >&@stdout"

Fri Oct 04 15:26:25 UTC 2024 - Executing "/openLANE_flow/scripts/libtrim.pl /openLANE_flow/designs/picorv32a/src/sky130_fd_sc_hd__typical.lib /openLANE_flow/designs/picorv32a/runs/03-10_23-15/tmp/trimmed.lib.exclude.list > /openLANE_flow/designs/picorv32a/runs/03-10_23-15/tmp/trimmed.lib"

Fri Oct 04 15:26:26 UTC 2024 - Executing "echo {openlane v0.21} > /openLANE_flow/designs/picorv32a/runs/03-10_23-15/OPENLANE_VERSION"

Fri Oct 04 15:27:05 UTC 2024 - Executing "/openLANE_flow/scripts/mergeLef.py -i /openLANE_flow/designs/picorv32a/runs/03-10_23-15/tmp/merged.lef /openLANE_flow/designs/picorv32a/src/sky130_vsdinv.lef -o /openLANE_flow/designs/picorv32a/runs/03-10_23-15/tmp/merged.lef.new"

Fri Oct 04 15:27:05 UTC 2024 - Executing "/openLANE_flow/scripts/mergeLef.py -i /openLANE_flow/designs/picorv32a/runs/03-10_23-15/tmp/merged_unpadded.lef /openLANE_flow/designs/picorv32a/src/sky130_vsdinv.lef -o /openLANE_flow/designs/picorv32a/runs/03-10_23-15/tmp/merged_unpadded.lef.new"

Fri Oct 04 15:27:05 UTC 2024 - Executing "mv /openLANE_flow/designs/picorv32a/runs/03-10_23-15/tmp/merged.lef.new /openLANE_flow/designs/picorv32a/runs/03-10_23-15/tmp/merged.lef"

Fri Oct 04 15:27:06 UTC 2024 - Executing "mv /openLANE_flow/designs/picorv32a/runs/03-10_23-15/tmp/merged_unpadded.lef.new /openLANE_flow/designs/picorv32a/runs/03-10_23-15/tmp/merged_unpadded.lef"

Fri Oct 04 15:35:34 UTC 2024 - Executing "sed -E {s/^([[:space:]]+)pg_pin(.*)/\1pin\2\n\1    direction : "inout";/g} /openLANE_flow/designs/picorv32a/src/sky130_fd_sc_hd__typical.lib > /openLANE_flow/designs/picorv32a/runs/03-10_23-15/tmp/sky130_fd_sc_hd__typical.no_pg.lib"

Fri Oct 04 15:35:34 UTC 2024 - Executing "yosys -c /openLANE_flow/scripts/synth.tcl -l /openLANE_flow/designs/picorv32a/runs/03-10_23-15/logs/synthesis/1-yosys.log |& tee >&@stdout"

Fri Oct 04 15:36:29 UTC 2024 - Executing "sed -i -e {s/\(set ::env(CURRENT_NETLIST)\).*/\1 \/openLANE_flow\/designs\/picorv32a\/runs\/03-10_23-15\/results\/synthesis\/picorv32a.synthesis.v/} /openLANE_flow/designs/picorv32a/runs/03-10_23-15/config.tcl"

Fri Oct 04 15:36:29 UTC 2024 - Executing "sed -i -e {s/\(set ::env(PREV_NETLIST)\).*/\1 0/} /openLANE_flow/designs/picorv32a/runs/03-10_23-15/config.tcl"

Fri Oct 04 15:36:29 UTC 2024 - Executing "sed -i /defparam/d /openLANE_flow/designs/picorv32a/runs/03-10_23-15/results/synthesis/picorv32a.synthesis.v"

Fri Oct 04 15:36:30 UTC 2024 - Executing "sta /openLANE_flow/scripts/sta.tcl |& tee >&@stdout /openLANE_flow/designs/picorv32a/runs/03-10_23-15/logs/synthesis/2-opensta"

Fri Oct 04 15:42:59 UTC 2024 - Executing "openroad -exit /openLANE_flow/scripts/openroad/or_floorplan.tcl |& tee >&@stdout /openLANE_flow/designs/picorv32a/runs/03-10_23-15/logs/floorplan/3-verilog2def.openroad.log"

Fri Oct 04 15:43:04 UTC 2024 - Executing "openroad -exit /openLANE_flow/scripts/openroad/or_ioplacer.tcl |& tee >&@stdout /openLANE_flow/designs/picorv32a/runs/03-10_23-15/logs/floorplan/4-ioPlacer.log"

Fri Oct 04 15:43:05 UTC 2024 - Executing "openroad -exit /openLANE_flow/scripts/openroad/or_replace.tcl |& tee >&@stdout /openLANE_flow/designs/picorv32a/runs/03-10_23-15/logs/placement/5-replace.log"

Fri Oct 04 15:43:18 UTC 2024 - Executing "openroad -exit /openLANE_flow/scripts/openroad/or_basic_mp.tcl |& tee >&@stdout /openLANE_flow/designs/picorv32a/runs/03-10_23-15/logs/placement/6-basic_mp.log"

Fri Oct 04 15:43:21 UTC 2024 - Executing "python3 /openLANE_flow/report_generation_wrapper.py -d /openLANE_flow/designs/picorv32a -dn picorv32a -t 03-10_23-15 -o /openLANE_flow/designs/picorv32a/runs/03-10_23-15/reports/final_summary_report.csv -m /openLANE_flow/designs/picorv32a/runs/03-10_23-15/reports/manufacturability_report.rpt -rs /openLANE_flow/designs/picorv32a/runs/03-10_23-15/reports/runtime_summary_report.rpt -r /openLANE_flow/designs/picorv32a/runs/03-10_23-15"

Fri Oct 04 15:46:20 UTC 2024 - Executing "openroad -exit /openLANE_flow/scripts/openroad/or_floorplan.tcl |& tee >&@stdout /openLANE_flow/designs/picorv32a/runs/03-10_23-15/logs/floorplan/7-verilog2def.openroad.log"

Fri Oct 04 15:46:38 UTC 2024 - Executing "openroad -exit /openLANE_flow/scripts/openroad/or_ioplacer.tcl |& tee >&@stdout /openLANE_flow/designs/picorv32a/runs/03-10_23-15/logs/floorplan/8-ioPlacer.log"

Fri Oct 04 15:47:20 UTC 2024 - Executing "openroad -exit /openLANE_flow/scripts/openroad/or_tapcell.tcl |& tee >&@stdout /openLANE_flow/designs/picorv32a/runs/03-10_23-15/logs/floorplan/9-tapcell.log"

Fri Oct 04 15:47:56 UTC 2024 - Executing "openroad -exit /openLANE_flow/scripts/openroad/or_replace.tcl |& tee >&@stdout /openLANE_flow/designs/picorv32a/runs/03-10_23-15/logs/placement/10-replace.log"

Fri Oct 04 15:48:10 UTC 2024 - Executing "openroad -exit /openLANE_flow/scripts/openroad/or_resizer.tcl |& tee >&@stdout /openLANE_flow/designs/picorv32a/runs/03-10_23-15/logs/placement/10-resizer.log"

Fri Oct 04 15:48:21 UTC 2024 - Executing "openroad -exit /openLANE_flow/scripts/openroad/or_write_verilog.tcl |& tee >&@stdout /openLANE_flow/designs/picorv32a/runs/03-10_23-15/logs/11-write_verilog.log"

Fri Oct 04 15:48:23 UTC 2024 - Executing "sed -i -e {s/\(set ::env(CURRENT_NETLIST)\).*/\1 \/openLANE_flow\/designs\/picorv32a\/runs\/03-10_23-15\/results\/synthesis\/picorv32a.synthesis_optimized.v/} /openLANE_flow/designs/picorv32a/runs/03-10_23-15/config.tcl"

Fri Oct 04 15:48:23 UTC 2024 - Executing "sed -i -e {s/\(set ::env(PREV_NETLIST)\).*/\1 \/openLANE_flow\/designs\/picorv32a\/runs\/03-10_23-15\/results\/synthesis\/picorv32a.synthesis.v/} /openLANE_flow/designs/picorv32a/runs/03-10_23-15/config.tcl"

Fri Oct 04 15:48:23 UTC 2024 - Executing "sta /openLANE_flow/scripts/sta.tcl |& tee >&@stdout /openLANE_flow/designs/picorv32a/runs/03-10_23-15/logs/synthesis/12-opensta_post_resizer"

Fri Oct 04 15:48:24 UTC 2024 - Executing "openroad -exit /openLANE_flow/scripts/openroad/or_opendp.tcl |& tee >&@stdout /openLANE_flow/designs/picorv32a/runs/03-10_23-15/logs/placement/13-opendp.log"

Fri Oct 04 15:48:27 UTC 2024 - Executing "bash /openLANE_flow/scripts/klayout/scrotLayout.sh /home/vsduser/Desktop/work/tools/openlane_working_dir/pdks/sky130A/libs.tech/klayout/sky130A.lyt /openLANE_flow/designs/picorv32a/runs/03-10_23-15/results/placement/picorv32a.placement.def |& tee >&@stdout /openLANE_flow/designs/picorv32a/runs/03-10_23-15/logs/klayout/14-klayout.scrot.log"

